2026.05.25 00:57:18 INFO  Started: Metals version 1.6.7 in folders 'D:\CURSOS\7MO\Desarrollo_we\proceso_uni' for client Visual Studio Code 1.121.0.
2026.05.25 00:57:18 INFO  Memory monitor started
2026.05.25 00:57:19 WARN  Using H2 2.4.240 which is newer than the version Flyway has been verified with. The latest verified version of H2 is 2.3.232.
2026.05.25 00:57:19 INFO  no build target found for D:\CURSOS\7MO\Desarrollo_we\proceso_uni\backend\src\main\java\pe\edu\proceso_admision\repository\UsuarioRepository.java. Using fallback presentation compiler.
2026.05.25 00:57:21 INFO  no build target found for D:\CURSOS\7MO\Desarrollo_we\proceso_uni\backend\src\main\java\pe\edu\proceso_admision\repository\UsuarioRepository.java. Using fallback presentation compiler.
2026.05.25 00:57:29 INFO  no build target found for D:\CURSOS\7MO\Desarrollo_we\proceso_uni\backend\src\main\java\pe\edu\proceso_admision\controller\AuthController.java. Using fallback presentation compiler.
2026.05.25 00:57:29 INFO  no build target found for D:\CURSOS\7MO\Desarrollo_we\proceso_uni\backend\src\main\java\pe\edu\proceso_admision\controller\AuthController.java. Using fallback presentation compiler.
2026.05.25 00:57:29 WARN  no build target for: D:\CURSOS\7MO\Desarrollo_we\proceso_uni\backend\src\main\java\pe\edu\proceso_admision\controller\AuthController.java
2026.05.25 00:57:29 INFO  no build target found for D:\CURSOS\7MO\Desarrollo_we\proceso_uni\backend\src\main\java\pe\edu\proceso_admision\controller\AuthController.java. Using fallback presentation compiler.
2026.05.25 00:57:30 INFO  no build target found for D:\CURSOS\7MO\Desarrollo_we\proceso_uni\backend\src\main\java\pe\edu\proceso_admision\controller\AuthController.java. Using fallback presentation compiler.
2026.05.25 00:57:30 INFO  no build target found for D:\CURSOS\7MO\Desarrollo_we\proceso_uni\backend\src\main\java\pe\edu\proceso_admision\controller\AuthController.java. Using fallback presentation compiler.
2026.05.25 00:57:32 INFO  no build target found for D:\CURSOS\7MO\Desarrollo_we\proceso_uni\backend\src\main\java\pe\edu\proceso_admision\controller\AuthController.java. Using fallback presentation compiler.
2026.05.25 00:57:57 INFO  no build target found for D:\CURSOS\7MO\Desarrollo_we\proceso_uni\backend\src\main\java\pe\edu\proceso_admision\dto\auth\LoginRequestDto.java. Using fallback presentation compiler.
2026.05.25 00:57:57 INFO  no build target found for D:\CURSOS\7MO\Desarrollo_we\proceso_uni\backend\src\main\java\pe\edu\proceso_admision\dto\auth\LoginRequestDto.java. Using fallback presentation compiler.
2026.05.25 00:57:58 WARN  no build target for: D:\CURSOS\7MO\Desarrollo_we\proceso_uni\backend\src\main\java\pe\edu\proceso_admision\dto\auth\LoginRequestDto.java
2026.05.25 00:57:57 INFO  no build target found for D:\CURSOS\7MO\Desarrollo_we\proceso_uni\backend\src\main\java\pe\edu\proceso_admision\dto\auth\LoginRequestDto.java. Using fallback presentation compiler.
2026.05.25 00:57:58 INFO  no build target found for D:\CURSOS\7MO\Desarrollo_we\proceso_uni\backend\src\main\java\pe\edu\proceso_admision\dto\auth\LoginRequestDto.java. Using fallback presentation compiler.
2026.05.25 00:57:57 INFO  no build target found for D:\CURSOS\7MO\Desarrollo_we\proceso_uni\backend\src\main\java\pe\edu\proceso_admision\dto\auth\LoginRequestDto.java. Using fallback presentation compiler.
2026.05.25 00:58:01 INFO  no build target found for D:\CURSOS\7MO\Desarrollo_we\proceso_uni\backend\src\main\java\pe\edu\proceso_admision\dto\auth\LoginRequestDto.java. Using fallback presentation compiler.
2026.05.25 00:58:19 INFO  no build target found for D:\CURSOS\7MO\Desarrollo_we\proceso_uni\backend\src\main\java\pe\edu\proceso_admision\dto\auth\LoginResponseDto.java. Using fallback presentation compiler.
2026.05.25 00:58:19 INFO  no build target found for D:\CURSOS\7MO\Desarrollo_we\proceso_uni\backend\src\main\java\pe\edu\proceso_admision\dto\auth\LoginResponseDto.java. Using fallback presentation compiler.
2026.05.25 00:58:19 INFO  no build target found for D:\CURSOS\7MO\Desarrollo_we\proceso_uni\backend\src\main\java\pe\edu\proceso_admision\dto\auth\LoginResponseDto.java. Using fallback presentation compiler.
2026.05.25 00:58:19 WARN  no build target for: D:\CURSOS\7MO\Desarrollo_we\proceso_uni\backend\src\main\java\pe\edu\proceso_admision\dto\auth\LoginResponseDto.java
2026.05.25 00:58:19 INFO  no build target found for D:\CURSOS\7MO\Desarrollo_we\proceso_uni\backend\src\main\java\pe\edu\proceso_admision\dto\auth\LoginResponseDto.java. Using fallback presentation compiler.
2026.05.25 00:58:20 INFO  no build target found for D:\CURSOS\7MO\Desarrollo_we\proceso_uni\backend\src\main\java\pe\edu\proceso_admision\dto\auth\LoginResponseDto.java. Using fallback presentation compiler.
2026.05.25 00:58:19 INFO  no build target found for D:\CURSOS\7MO\Desarrollo_we\proceso_uni\backend\src\main\java\pe\edu\proceso_admision\dto\auth\LoginResponseDto.java. Using fallback presentation compiler.
2026.05.25 00:58:22 INFO  no build target found for D:\CURSOS\7MO\Desarrollo_we\proceso_uni\backend\src\main\java\pe\edu\proceso_admision\dto\auth\LoginResponseDto.java. Using fallback presentation compiler.
2026.05.25 01:19:01 INFO  no build target found for D:\CURSOS\7MO\Desarrollo_we\proceso_uni\backend\src\main\java\pe\edu\proceso_admision\controller\AuthController.java. Using fallback presentation compiler.
2026.05.25 01:19:01 INFO  no build target found for D:\CURSOS\7MO\Desarrollo_we\proceso_uni\backend\src\main\java\pe\edu\proceso_admision\controller\AuthController.java. Using fallback presentation compiler.
2026.05.25 01:19:01 INFO  no build target found for D:\CURSOS\7MO\Desarrollo_we\proceso_uni\backend\src\main\java\pe\edu\proceso_admision\controller\AuthController.java. Using fallback presentation compiler.
2026.05.25 01:19:01 INFO  no build target found for D:\CURSOS\7MO\Desarrollo_we\proceso_uni\backend\src\main\java\pe\edu\proceso_admision\controller\AuthController.java. Using fallback presentation compiler.
2026.05.25 01:19:01 INFO  no build target found for D:\CURSOS\7MO\Desarrollo_we\proceso_uni\backend\src\main\java\pe\edu\proceso_admision\controller\AuthController.java. Using fallback presentation compiler.
2026.05.25 01:19:02 INFO  no build target found for D:\CURSOS\7MO\Desarrollo_we\proceso_uni\backend\src\main\java\pe\edu\proceso_admision\controller\AuthController.java. Using fallback presentation compiler.
2026.05.25 01:19:02 INFO  no build target found for D:\CURSOS\7MO\Desarrollo_we\proceso_uni\backend\src\main\java\pe\edu\proceso_admision\controller\AuthController.java. Using fallback presentation compiler.
2026.05.25 01:19:02 WARN  no build target for: D:\CURSOS\7MO\Desarrollo_we\proceso_uni\backend\src\main\java\pe\edu\proceso_admision\controller\AuthController.java
2026.05.25 01:19:02 INFO  no build target found for D:\CURSOS\7MO\Desarrollo_we\proceso_uni\backend\src\main\java\pe\edu\proceso_admision\controller\AuthController.java. Using fallback presentation compiler.
2026.05.25 01:19:02 INFO  no build target found for D:\CURSOS\7MO\Desarrollo_we\proceso_uni\backend\src\main\java\pe\edu\proceso_admision\controller\AuthController.java. Using fallback presentation compiler.
2026.05.25 01:19:02 INFO  no build target found for D:\CURSOS\7MO\Desarrollo_we\proceso_uni\backend\src\main\java\pe\edu\proceso_admision\controller\AuthController.java. Using fallback presentation compiler.
2026.05.25 01:19:05 INFO  no build target found for D:\CURSOS\7MO\Desarrollo_we\proceso_uni\backend\src\main\java\pe\edu\proceso_admision\controller\AuthController.java. Using fallback presentation compiler.
2026.05.25 01:28:32 INFO  no build target found for D:\CURSOS\7MO\Desarrollo_we\proceso_uni\backend\src\test\java\pe\edu\proceso_admision\TestPassword.java. Using fallback presentation compiler.
2026.05.25 01:28:32 INFO  no build target found for D:\CURSOS\7MO\Desarrollo_we\proceso_uni\backend\src\test\java\pe\edu\proceso_admision\TestPassword.java. Using fallback presentation compiler.
2026.05.25 01:28:32 INFO  no build target found for D:\CURSOS\7MO\Desarrollo_we\proceso_uni\backend\src\test\java\pe\edu\proceso_admision\TestPassword.java. Using fallback presentation compiler.
2026.05.25 01:28:32 WARN  no build target for: D:\CURSOS\7MO\Desarrollo_we\proceso_uni\backend\src\test\java\pe\edu\proceso_admision\TestPassword.java
2026.05.25 01:28:32 INFO  no build target found for D:\CURSOS\7MO\Desarrollo_we\proceso_uni\backend\src\test\java\pe\edu\proceso_admision\TestPassword.java. Using fallback presentation compiler.
2026.05.25 01:28:32 INFO  no build target found for D:\CURSOS\7MO\Desarrollo_we\proceso_uni\backend\src\test\java\pe\edu\proceso_admision\TestPassword.java. Using fallback presentation compiler.
2026.05.25 01:28:32 INFO  no build target found for D:\CURSOS\7MO\Desarrollo_we\proceso_uni\backend\src\test\java\pe\edu\proceso_admision\TestPassword.java. Using fallback presentation compiler.
2026.05.25 01:28:34 INFO  no build target found for D:\CURSOS\7MO\Desarrollo_we\proceso_uni\backend\src\test\java\pe\edu\proceso_admision\TestPassword.java. Using fallback presentation compiler.
2026.05.25 01:34:30 INFO  no build target found for D:\CURSOS\7MO\Desarrollo_we\proceso_uni\backend\src\test\java\pe\edu\proceso_admision\TestPassword.java. Using fallback presentation compiler.
2026.05.25 01:34:30 INFO  no build target found for D:\CURSOS\7MO\Desarrollo_we\proceso_uni\backend\src\test\java\pe\edu\proceso_admision\TestPassword.java. Using fallback presentation compiler.
2026.05.25 01:34:30 INFO  no build target found for D:\CURSOS\7MO\Desarrollo_we\proceso_uni\backend\src\test\java\pe\edu\proceso_admision\TestPassword.java. Using fallback presentation compiler.
2026.05.25 01:34:30 INFO  no build target found for D:\CURSOS\7MO\Desarrollo_we\proceso_uni\backend\src\test\java\pe\edu\proceso_admision\TestPassword.java. Using fallback presentation compiler.
2026.05.25 01:34:30 INFO  no build target found for D:\CURSOS\7MO\Desarrollo_we\proceso_uni\backend\src\test\java\pe\edu\proceso_admision\TestPassword.java. Using fallback presentation compiler.
2026.05.25 01:35:06 INFO  no build target found for D:\CURSOS\7MO\Desarrollo_we\proceso_uni\backend\src\test\java\pe\edu\proceso_admision\TestPassword.java. Using fallback presentation compiler.
2026.05.25 01:35:06 INFO  no build target found for D:\CURSOS\7MO\Desarrollo_we\proceso_uni\backend\src\main\java\pe\edu\proceso_admision\controller\AuthController.java. Using fallback presentation compiler.
2026.05.25 01:35:07 WARN  no build target for: D:\CURSOS\7MO\Desarrollo_we\proceso_uni\backend\src\main\java\pe\edu\proceso_admision\controller\AuthController.java
2026.05.25 01:35:06 INFO  no build target found for D:\CURSOS\7MO\Desarrollo_we\proceso_uni\backend\src\main\java\pe\edu\proceso_admision\controller\AuthController.java. Using fallback presentation compiler.
2026.05.25 01:35:06 INFO  no build target found for D:\CURSOS\7MO\Desarrollo_we\proceso_uni\backend\src\main\java\pe\edu\proceso_admision\controller\AuthController.java. Using fallback presentation compiler.
2026.05.25 01:35:07 INFO  no build target found for D:\CURSOS\7MO\Desarrollo_we\proceso_uni\backend\src\main\java\pe\edu\proceso_admision\controller\AuthController.java. Using fallback presentation compiler.
may. 25, 2026 1:35:07 A. M. org.eclipse.lsp4j.jsonrpc.RemoteEndpoint handleCancellation
WARNING: Unmatched cancel notification for request id 98
may. 25, 2026 1:35:07 A. M. org.eclipse.lsp4j.jsonrpc.RemoteEndpoint handleCancellation
WARNING: Unmatched cancel notification for request id 101
2026.05.25 01:35:06 INFO  no build target found for D:\CURSOS\7MO\Desarrollo_we\proceso_uni\backend\src\test\java\pe\edu\proceso_admision\TestPassword.java. Using fallback presentation compiler.
2026.05.25 01:35:06 INFO  no build target found for D:\CURSOS\7MO\Desarrollo_we\proceso_uni\backend\src\test\java\pe\edu\proceso_admision\TestPassword.java. Using fallback presentation compiler.
2026.05.25 01:35:06 INFO  no build target found for D:\CURSOS\7MO\Desarrollo_we\proceso_uni\backend\src\test\java\pe\edu\proceso_admision\TestPassword.java. Using fallback presentation compiler.
2026.05.25 01:35:06 INFO  no build target found for D:\CURSOS\7MO\Desarrollo_we\proceso_uni\backend\src\test\java\pe\edu\proceso_admision\TestPassword.java. Using fallback presentation compiler.
2026.05.25 01:35:08 INFO  no build target found for D:\CURSOS\7MO\Desarrollo_we\proceso_uni\backend\src\test\java\pe\edu\proceso_admision\TestPassword.java. Using fallback presentation compiler.
2026.05.25 01:35:08 INFO  no build target found for D:\CURSOS\7MO\Desarrollo_we\proceso_uni\backend\src\test\java\pe\edu\proceso_admision\TestPassword.java. Using fallback presentation compiler.
2026.05.25 01:35:07 WARN  no build target for: D:\CURSOS\7MO\Desarrollo_we\proceso_uni\backend\src\test\java\pe\edu\proceso_admision\TestPassword.java
2026.05.25 01:35:08 INFO  no build target found for D:\CURSOS\7MO\Desarrollo_we\proceso_uni\backend\src\test\java\pe\edu\proceso_admision\TestPassword.java. Using fallback presentation compiler.
2026.05.25 01:35:08 INFO  no build target found for D:\CURSOS\7MO\Desarrollo_we\proceso_uni\backend\src\test\java\pe\edu\proceso_admision\TestPassword.java. Using fallback presentation compiler.
2026.05.25 01:35:08 INFO  no build target found for D:\CURSOS\7MO\Desarrollo_we\proceso_uni\backend\src\test\java\pe\edu\proceso_admision\TestPassword.java. Using fallback presentation compiler.
2026.05.25 01:35:10 INFO  no build target found for D:\CURSOS\7MO\Desarrollo_we\proceso_uni\backend\src\test\java\pe\edu\proceso_admision\TestPassword.java. Using fallback presentation compiler.
2026.05.25 02:19:03 INFO  no build target found for D:\CURSOS\7MO\Desarrollo_we\proceso_uni\backend\src\main\java\pe\edu\proceso_admision\dto\omr\ResultadoProcesadoDto.java. Using fallback presentation compiler.
2026.05.25 02:19:03 INFO  no build target found for D:\CURSOS\7MO\Desarrollo_we\proceso_uni\backend\src\main\java\pe\edu\proceso_admision\dto\omr\ResultadoProcesadoDto.java. Using fallback presentation compiler.
may. 25, 2026 2:19:04 A. M. org.eclipse.lsp4j.jsonrpc.RemoteEndpoint handleCancellation
WARNING: Unmatched cancel notification for request id 124
2026.05.25 02:19:03 INFO  no build target found for D:\CURSOS\7MO\Desarrollo_we\proceso_uni\backend\src\main\java\pe\edu\proceso_admision\dto\omr\ResultadoProcesadoDto.java. Using fallback presentation compiler.
2026.05.25 02:19:03 INFO  no build target found for D:\CURSOS\7MO\Desarrollo_we\proceso_uni\backend\src\main\java\pe\edu\proceso_admision\dto\omr\ResultadoProcesadoDto.java. Using fallback presentation compiler.
2026.05.25 02:19:04 INFO  no build target found for D:\CURSOS\7MO\Desarrollo_we\proceso_uni\backend\src\main\java\pe\edu\proceso_admision\dto\omr\ResultadoProcesadoDto.java. Using fallback presentation compiler.
2026.05.25 02:19:05 INFO  no build target found for D:\CURSOS\7MO\Desarrollo_we\proceso_uni\backend\src\main\java\pe\edu\proceso_admision\dto\omr\ResultadoProcesadoDto.java. Using fallback presentation compiler.
2026.05.25 02:19:04 WARN  no build target for: D:\CURSOS\7MO\Desarrollo_we\proceso_uni\backend\src\main\java\pe\edu\proceso_admision\dto\omr\ResultadoProcesadoDto.java
2026.05.25 02:19:05 INFO  no build target found for D:\CURSOS\7MO\Desarrollo_we\proceso_uni\backend\src\main\java\pe\edu\proceso_admision\dto\omr\ResultadoProcesadoDto.java. Using fallback presentation compiler.
2026.05.25 02:19:05 INFO  no build target found for D:\CURSOS\7MO\Desarrollo_we\proceso_uni\backend\src\main\java\pe\edu\proceso_admision\dto\omr\ResultadoProcesadoDto.java. Using fallback presentation compiler.
2026.05.25 02:19:05 INFO  no build target found for D:\CURSOS\7MO\Desarrollo_we\proceso_uni\backend\src\main\java\pe\edu\proceso_admision\dto\omr\ResultadoProcesadoDto.java. Using fallback presentation compiler.
2026.05.25 02:19:07 INFO  no build target found for D:\CURSOS\7MO\Desarrollo_we\proceso_uni\backend\src\main\java\pe\edu\proceso_admision\dto\omr\ResultadoProcesadoDto.java. Using fallback presentation compiler.
2026.05.25 02:21:23 INFO  no build target found for D:\CURSOS\7MO\Desarrollo_we\proceso_uni\backend\src\main\java\pe\edu\proceso_admision\service\ProcesamientoOmrService.java. Using fallback presentation compiler.
2026.05.25 02:21:23 INFO  no build target found for D:\CURSOS\7MO\Desarrollo_we\proceso_uni\backend\src\main\java\pe\edu\proceso_admision\service\ProcesamientoOmrService.java. Using fallback presentation compiler.
2026.05.25 02:21:23 INFO  no build target found for D:\CURSOS\7MO\Desarrollo_we\proceso_uni\backend\src\main\java\pe\edu\proceso_admision\service\ProcesamientoOmrService.java. Using fallback presentation compiler.
2026.05.25 02:21:23 INFO  no build target found for D:\CURSOS\7MO\Desarrollo_we\proceso_uni\backend\src\main\java\pe\edu\proceso_admision\service\ProcesamientoOmrService.java. Using fallback presentation compiler.
2026.05.25 02:21:24 WARN  no build target for: D:\CURSOS\7MO\Desarrollo_we\proceso_uni\backend\src\main\java\pe\edu\proceso_admision\service\ProcesamientoOmrService.java
2026.05.25 02:21:24 INFO  no build target found for D:\CURSOS\7MO\Desarrollo_we\proceso_uni\backend\src\main\java\pe\edu\proceso_admision\service\ProcesamientoOmrService.java. Using fallback presentation compiler.
2026.05.25 02:21:24 INFO  no build target found for D:\CURSOS\7MO\Desarrollo_we\proceso_uni\backend\src\main\java\pe\edu\proceso_admision\service\ProcesamientoOmrService.java. Using fallback presentation compiler.
2026.05.25 02:21:24 INFO  no build target found for D:\CURSOS\7MO\Desarrollo_we\proceso_uni\backend\src\main\java\pe\edu\proceso_admision\service\ProcesamientoOmrService.java. Using fallback presentation compiler.
2026.05.25 02:21:27 INFO  no build target found for D:\CURSOS\7MO\Desarrollo_we\proceso_uni\backend\src\main\java\pe\edu\proceso_admision\service\ProcesamientoOmrService.java. Using fallback presentation compiler.
2026.05.25 02:34:58 INFO  no build target found for D:\CURSOS\7MO\Desarrollo_we\proceso_uni\backend\src\main\java\pe\edu\proceso_admision\service\ProcesamientoOmrService.java. Using fallback presentation compiler.
2026.05.25 02:34:58 INFO  no build target found for D:\CURSOS\7MO\Desarrollo_we\proceso_uni\backend\src\main\java\pe\edu\proceso_admision\service\ProcesamientoOmrService.java. Using fallback presentation compiler.
2026.05.25 02:34:58 INFO  no build target found for D:\CURSOS\7MO\Desarrollo_we\proceso_uni\backend\src\main\java\pe\edu\proceso_admision\service\ProcesamientoOmrService.java. Using fallback presentation compiler.
2026.05.25 02:34:58 INFO  no build target found for D:\CURSOS\7MO\Desarrollo_we\proceso_uni\backend\src\main\java\pe\edu\proceso_admision\service\ProcesamientoOmrService.java. Using fallback presentation compiler.
2026.05.25 02:34:58 INFO  no build target found for D:\CURSOS\7MO\Desarrollo_we\proceso_uni\backend\src\main\java\pe\edu\proceso_admision\service\ProcesamientoOmrService.java. Using fallback presentation compiler.
2026.05.25 02:34:59 WARN  no build target for: D:\CURSOS\7MO\Desarrollo_we\proceso_uni\backend\src\main\java\pe\edu\proceso_admision\service\ProcesamientoOmrService.java
2026.05.25 02:34:59 INFO  no build target found for D:\CURSOS\7MO\Desarrollo_we\proceso_uni\backend\src\main\java\pe\edu\proceso_admision\service\ProcesamientoOmrService.java. Using fallback presentation compiler.
2026.05.25 02:34:59 INFO  no build target found for D:\CURSOS\7MO\Desarrollo_we\proceso_uni\backend\src\main\java\pe\edu\proceso_admision\service\ProcesamientoOmrService.java. Using fallback presentation compiler.
2026.05.25 02:34:59 INFO  no build target found for D:\CURSOS\7MO\Desarrollo_we\proceso_uni\backend\src\main\java\pe\edu\proceso_admision\service\ProcesamientoOmrService.java. Using fallback presentation compiler.
2026.05.25 02:34:59 INFO  no build target found for D:\CURSOS\7MO\Desarrollo_we\proceso_uni\backend\src\main\java\pe\edu\proceso_admision\service\ProcesamientoOmrService.java. Using fallback presentation compiler.
2026.05.25 02:35:00 INFO  no build target found for D:\CURSOS\7MO\Desarrollo_we\proceso_uni\backend\src\main\java\pe\edu\proceso_admision\service\ProcesamientoOmrService.java. Using fallback presentation compiler.
2026.05.25 02:35:02 INFO  no build target found for D:\CURSOS\7MO\Desarrollo_we\proceso_uni\backend\src\main\java\pe\edu\proceso_admision\service\ProcesamientoOmrService.java. Using fallback presentation compiler.
2026.05.25 03:04:50 INFO  no build target found for D:\CURSOS\7MO\Desarrollo_we\proceso_uni\backend\src\main\java\pe\edu\proceso_admision\service\IncidenciaService.java. Using fallback presentation compiler.
2026.05.25 03:04:50 INFO  no build target found for D:\CURSOS\7MO\Desarrollo_we\proceso_uni\backend\src\main\java\pe\edu\proceso_admision\service\IncidenciaService.java. Using fallback presentation compiler.
2026.05.25 03:04:50 INFO  no build target found for D:\CURSOS\7MO\Desarrollo_we\proceso_uni\backend\src\main\java\pe\edu\proceso_admision\service\IncidenciaService.java. Using fallback presentation compiler.
2026.05.25 03:04:51 WARN  no build target for: D:\CURSOS\7MO\Desarrollo_we\proceso_uni\backend\src\main\java\pe\edu\proceso_admision\service\IncidenciaService.java
2026.05.25 03:04:51 INFO  no build target found for D:\CURSOS\7MO\Desarrollo_we\proceso_uni\backend\src\main\java\pe\edu\proceso_admision\service\IncidenciaService.java. Using fallback presentation compiler.
2026.05.25 03:04:51 INFO  no build target found for D:\CURSOS\7MO\Desarrollo_we\proceso_uni\backend\src\main\java\pe\edu\proceso_admision\service\IncidenciaService.java. Using fallback presentation compiler.
may. 25, 2026 3:04:51 A. M. org.eclipse.lsp4j.jsonrpc.RemoteEndpoint handleCancellation
WARNING: Unmatched cancel notification for request id 179
2026.05.25 03:04:51 INFO  no build target found for D:\CURSOS\7MO\Desarrollo_we\proceso_uni\backend\src\main\java\pe\edu\proceso_admision\service\IncidenciaService.java. Using fallback presentation compiler.
2026.05.25 03:04:53 INFO  no build target found for D:\CURSOS\7MO\Desarrollo_we\proceso_uni\backend\src\main\java\pe\edu\proceso_admision\service\IncidenciaService.java. Using fallback presentation compiler.
2026.05.25 03:12:38 INFO  no build target found for D:\CURSOS\7MO\Desarrollo_we\proceso_uni\backend\src\main\java\pe\edu\proceso_admision\service\IncidenciaService.java. Using fallback presentation compiler.
2026.05.25 03:12:38 INFO  no build target found for D:\CURSOS\7MO\Desarrollo_we\proceso_uni\backend\src\main\java\pe\edu\proceso_admision\service\IncidenciaService.java. Using fallback presentation compiler.
2026.05.25 03:12:38 INFO  no build target found for D:\CURSOS\7MO\Desarrollo_we\proceso_uni\backend\src\main\java\pe\edu\proceso_admision\service\IncidenciaService.java. Using fallback presentation compiler.
2026.05.25 03:12:38 INFO  no build target found for D:\CURSOS\7MO\Desarrollo_we\proceso_uni\backend\src\main\java\pe\edu\proceso_admision\service\IncidenciaService.java. Using fallback presentation compiler.
2026.05.25 03:12:38 INFO  no build target found for D:\CURSOS\7MO\Desarrollo_we\proceso_uni\backend\src\main\java\pe\edu\proceso_admision\service\IncidenciaService.java. Using fallback presentation compiler.
2026.05.25 03:12:39 WARN  no build target for: D:\CURSOS\7MO\Desarrollo_we\proceso_uni\backend\src\main\java\pe\edu\proceso_admision\service\IncidenciaService.java
2026.05.25 03:12:39 INFO  no build target found for D:\CURSOS\7MO\Desarrollo_we\proceso_uni\backend\src\main\java\pe\edu\proceso_admision\service\IncidenciaService.java. Using fallback presentation compiler.
2026.05.25 03:12:39 INFO  no build target found for D:\CURSOS\7MO\Desarrollo_we\proceso_uni\backend\src\main\java\pe\edu\proceso_admision\service\IncidenciaService.java. Using fallback presentation compiler.
2026.05.25 03:12:39 INFO  no build target found for D:\CURSOS\7MO\Desarrollo_we\proceso_uni\backend\src\main\java\pe\edu\proceso_admision\service\IncidenciaService.java. Using fallback presentation compiler.
2026.05.25 03:12:41 INFO  no build target found for D:\CURSOS\7MO\Desarrollo_we\proceso_uni\backend\src\main\java\pe\edu\proceso_admision\service\IncidenciaService.java. Using fallback presentation compiler.
2026.05.25 03:18:42 INFO  no build target found for D:\CURSOS\7MO\Desarrollo_we\proceso_uni\backend\src\main\java\pe\edu\proceso_admision\service\OmrConsultaService.java. Using fallback presentation compiler.
may. 25, 2026 3:18:43 A. M. org.eclipse.lsp4j.jsonrpc.RemoteEndpoint handleCancellation
WARNING: Unmatched cancel notification for request id 201
may. 25, 2026 3:18:43 A. M. org.eclipse.lsp4j.jsonrpc.RemoteEndpoint handleCancellation
WARNING: Unmatched cancel notification for request id 203
may. 25, 2026 3:18:43 A. M. org.eclipse.lsp4j.jsonrpc.RemoteEndpoint handleCancellation
WARNING: Unmatched cancel notification for request id 202
2026.05.25 03:18:42 INFO  no build target found for D:\CURSOS\7MO\Desarrollo_we\proceso_uni\backend\src\main\java\pe\edu\proceso_admision\service\OmrConsultaService.java. Using fallback presentation compiler.
2026.05.25 03:18:42 INFO  no build target found for D:\CURSOS\7MO\Desarrollo_we\proceso_uni\backend\src\main\java\pe\edu\proceso_admision\service\OmrConsultaService.java. Using fallback presentation compiler.
2026.05.25 03:18:43 INFO  no build target found for D:\CURSOS\7MO\Desarrollo_we\proceso_uni\backend\src\main\java\pe\edu\proceso_admision\service\OmrConsultaService.java. Using fallback presentation compiler.
2026.05.25 03:18:43 WARN  no build target for: D:\CURSOS\7MO\Desarrollo_we\proceso_uni\backend\src\main\java\pe\edu\proceso_admision\service\OmrConsultaService.java
2026.05.25 03:18:42 INFO  no build target found for D:\CURSOS\7MO\Desarrollo_we\proceso_uni\backend\src\main\java\pe\edu\proceso_admision\service\OmrConsultaService.java. Using fallback presentation compiler.
2026.05.25 03:18:43 INFO  no build target found for D:\CURSOS\7MO\Desarrollo_we\proceso_uni\backend\src\main\java\pe\edu\proceso_admision\service\OmrConsultaService.java. Using fallback presentation compiler.
2026.05.25 03:18:44 INFO  no build target found for D:\CURSOS\7MO\Desarrollo_we\proceso_uni\backend\src\main\java\pe\edu\proceso_admision\service\OmrConsultaService.java. Using fallback presentation compiler.
2026.05.25 03:18:44 INFO  no build target found for D:\CURSOS\7MO\Desarrollo_we\proceso_uni\backend\src\main\java\pe\edu\proceso_admision\service\OmrConsultaService.java. Using fallback presentation compiler.
2026.05.25 03:19:29 INFO  no build target found for D:\CURSOS\7MO\Desarrollo_we\proceso_uni\backend\src\main\java\pe\edu\proceso_admision\service\OmrConsultaService.java. Using fallback presentation compiler.
2026.05.25 03:22:52 INFO  no build target found for D:\CURSOS\7MO\Desarrollo_we\proceso_uni\backend\src\main\java\pe\edu\proceso_admision\repository\AnulacionRepository.java. Using fallback presentation compiler.
2026.05.25 03:22:52 INFO  no build target found for D:\CURSOS\7MO\Desarrollo_we\proceso_uni\backend\src\main\java\pe\edu\proceso_admision\repository\AnulacionRepository.java. Using fallback presentation compiler.
2026.05.25 03:22:52 INFO  no build target found for D:\CURSOS\7MO\Desarrollo_we\proceso_uni\backend\src\main\java\pe\edu\proceso_admision\repository\AnulacionRepository.java. Using fallback presentation compiler.
2026.05.25 03:22:52 INFO  no build target found for D:\CURSOS\7MO\Desarrollo_we\proceso_uni\backend\src\main\java\pe\edu\proceso_admision\repository\AnulacionRepository.java. Using fallback presentation compiler.
2026.05.25 03:22:52 INFO  no build target found for D:\CURSOS\7MO\Desarrollo_we\proceso_uni\backend\src\main\java\pe\edu\proceso_admision\repository\AnulacionRepository.java. Using fallback presentation compiler.
2026.05.25 03:22:52 INFO  no build target found for D:\CURSOS\7MO\Desarrollo_we\proceso_uni\backend\src\main\java\pe\edu\proceso_admision\repository\AnulacionRepository.java. Using fallback presentation compiler.
2026.05.25 03:22:53 WARN  no build target for: D:\CURSOS\7MO\Desarrollo_we\proceso_uni\backend\src\main\java\pe\edu\proceso_admision\repository\AnulacionRepository.java
2026.05.25 03:22:53 INFO  no build target found for D:\CURSOS\7MO\Desarrollo_we\proceso_uni\backend\src\main\java\pe\edu\proceso_admision\repository\AnulacionRepository.java. Using fallback presentation compiler.
2026.05.25 03:22:53 INFO  no build target found for D:\CURSOS\7MO\Desarrollo_we\proceso_uni\backend\src\main\java\pe\edu\proceso_admision\repository\AnulacionRepository.java. Using fallback presentation compiler.
2026.05.25 03:22:53 INFO  no build target found for D:\CURSOS\7MO\Desarrollo_we\proceso_uni\backend\src\main\java\pe\edu\proceso_admision\repository\AnulacionRepository.java. Using fallback presentation compiler.
2026.05.25 03:22:53 INFO  no build target found for D:\CURSOS\7MO\Desarrollo_we\proceso_uni\backend\src\main\java\pe\edu\proceso_admision\repository\AnulacionRepository.java. Using fallback presentation compiler.
2026.05.25 03:22:54 INFO  no build target found for D:\CURSOS\7MO\Desarrollo_we\proceso_uni\backend\src\main\java\pe\edu\proceso_admision\repository\AnulacionRepository.java. Using fallback presentation compiler.
2026.05.25 03:23:08 INFO  no build target found for D:\CURSOS\7MO\Desarrollo_we\proceso_uni\backend\src\main\java\pe\edu\proceso_admision\service\OmrConsultaService.java. Using fallback presentation compiler.
2026.05.25 03:23:08 INFO  no build target found for D:\CURSOS\7MO\Desarrollo_we\proceso_uni\backend\src\main\java\pe\edu\proceso_admision\service\OmrConsultaService.java. Using fallback presentation compiler.
2026.05.25 03:23:08 INFO  no build target found for D:\CURSOS\7MO\Desarrollo_we\proceso_uni\backend\src\main\java\pe\edu\proceso_admision\service\OmrConsultaService.java. Using fallback presentation compiler.
2026.05.25 03:23:08 INFO  no build target found for D:\CURSOS\7MO\Desarrollo_we\proceso_uni\backend\src\main\java\pe\edu\proceso_admision\service\OmrConsultaService.java. Using fallback presentation compiler.
2026.05.25 03:23:08 INFO  no build target found for D:\CURSOS\7MO\Desarrollo_we\proceso_uni\backend\src\main\java\pe\edu\proceso_admision\service\OmrConsultaService.java. Using fallback presentation compiler.
2026.05.25 03:23:08 WARN  no build target for: D:\CURSOS\7MO\Desarrollo_we\proceso_uni\backend\src\main\java\pe\edu\proceso_admision\service\OmrConsultaService.java
2026.05.25 03:23:09 INFO  no build target found for D:\CURSOS\7MO\Desarrollo_we\proceso_uni\backend\src\main\java\pe\edu\proceso_admision\service\OmrConsultaService.java. Using fallback presentation compiler.
2026.05.25 03:23:09 INFO  no build target found for D:\CURSOS\7MO\Desarrollo_we\proceso_uni\backend\src\main\java\pe\edu\proceso_admision\service\OmrConsultaService.java. Using fallback presentation compiler.
2026.05.25 03:23:09 INFO  no build target found for D:\CURSOS\7MO\Desarrollo_we\proceso_uni\backend\src\main\java\pe\edu\proceso_admision\service\OmrConsultaService.java. Using fallback presentation compiler.
2026.05.25 03:23:11 INFO  no build target found for D:\CURSOS\7MO\Desarrollo_we\proceso_uni\backend\src\main\java\pe\edu\proceso_admision\service\OmrConsultaService.java. Using fallback presentation compiler.
2026.05.25 03:23:46 INFO  no build target found for D:\CURSOS\7MO\Desarrollo_we\proceso_uni\backend\src\main\java\pe\edu\proceso_admision\repository\AnulacionRepository.java. Using fallback presentation compiler.
2026.05.25 03:23:46 WARN  no build target for: D:\CURSOS\7MO\Desarrollo_we\proceso_uni\backend\src\main\java\pe\edu\proceso_admision\repository\AnulacionRepository.java
2026.05.25 03:23:46 INFO  no build target found for D:\CURSOS\7MO\Desarrollo_we\proceso_uni\backend\src\main\java\pe\edu\proceso_admision\service\OmrConsultaService.java. Using fallback presentation compiler.
2026.05.25 03:23:47 WARN  no build target for: D:\CURSOS\7MO\Desarrollo_we\proceso_uni\backend\src\main\java\pe\edu\proceso_admision\service\OmrConsultaService.java
2026.05.25 03:23:46 INFO  no build target found for D:\CURSOS\7MO\Desarrollo_we\proceso_uni\backend\src\main\java\pe\edu\proceso_admision\service\OmrConsultaService.java. Using fallback presentation compiler.
2026.05.25 03:23:46 INFO  no build target found for D:\CURSOS\7MO\Desarrollo_we\proceso_uni\backend\src\main\java\pe\edu\proceso_admision\service\OmrConsultaService.java. Using fallback presentation compiler.
2026.05.25 03:23:46 INFO  no build target found for D:\CURSOS\7MO\Desarrollo_we\proceso_uni\backend\src\main\java\pe\edu\proceso_admision\service\OmrConsultaService.java. Using fallback presentation compiler.
2026.05.25 03:23:47 WARN  no build target for: D:\CURSOS\7MO\Desarrollo_we\proceso_uni\backend\src\main\java\pe\edu\proceso_admision\service\OmrConsultaService.java
2026.05.25 03:23:47 INFO  no build target found for D:\CURSOS\7MO\Desarrollo_we\proceso_uni\backend\src\main\java\pe\edu\proceso_admision\service\OmrConsultaService.java. Using fallback presentation compiler.
2026.05.25 03:23:46 INFO  no build target found for D:\CURSOS\7MO\Desarrollo_we\proceso_uni\backend\src\main\java\pe\edu\proceso_admision\service\OmrConsultaService.java. Using fallback presentation compiler.
2026.05.25 03:23:47 WARN  no build target for: D:\CURSOS\7MO\Desarrollo_we\proceso_uni\backend\src\main\java\pe\edu\proceso_admision\service\OmrConsultaService.java
2026.05.25 03:23:47 INFO  no build target found for D:\CURSOS\7MO\Desarrollo_we\proceso_uni\backend\src\main\java\pe\edu\proceso_admision\service\OmrConsultaService.java. Using fallback presentation compiler.
2026.05.25 03:23:47 WARN  no build target for: D:\CURSOS\7MO\Desarrollo_we\proceso_uni\backend\src\main\java\pe\edu\proceso_admision\service\OmrConsultaService.java
2026.05.25 03:23:47 INFO  no build target found for D:\CURSOS\7MO\Desarrollo_we\proceso_uni\backend\src\main\java\pe\edu\proceso_admision\service\OmrConsultaService.java. Using fallback presentation compiler.
2026.05.25 03:23:48 INFO  no build target found for D:\CURSOS\7MO\Desarrollo_we\proceso_uni\backend\src\main\java\pe\edu\proceso_admision\service\OmrConsultaService.java. Using fallback presentation compiler.
2026.05.25 03:23:49 INFO  no build target found for D:\CURSOS\7MO\Desarrollo_we\proceso_uni\backend\src\main\java\pe\edu\proceso_admision\service\OmrConsultaService.java. Using fallback presentation compiler.
2026.05.25 03:33:21 INFO  no build target found for D:\CURSOS\7MO\Desarrollo_we\proceso_uni\backend\src\main\java\pe\edu\proceso_admision\service\IncidenciaService.java. Using fallback presentation compiler.
2026.05.25 03:33:21 INFO  no build target found for D:\CURSOS\7MO\Desarrollo_we\proceso_uni\backend\src\main\java\pe\edu\proceso_admision\service\IncidenciaService.java. Using fallback presentation compiler.
2026.05.25 03:33:21 INFO  no build target found for D:\CURSOS\7MO\Desarrollo_we\proceso_uni\backend\src\main\java\pe\edu\proceso_admision\service\IncidenciaService.java. Using fallback presentation compiler.
2026.05.25 03:33:21 INFO  no build target found for D:\CURSOS\7MO\Desarrollo_we\proceso_uni\backend\src\main\java\pe\edu\proceso_admision\service\IncidenciaService.java. Using fallback presentation compiler.
2026.05.25 03:33:21 INFO  no build target found for D:\CURSOS\7MO\Desarrollo_we\proceso_uni\backend\src\main\java\pe\edu\proceso_admision\service\IncidenciaService.java. Using fallback presentation compiler.
2026.05.25 03:33:22 INFO  no build target found for D:\CURSOS\7MO\Desarrollo_we\proceso_uni\backend\src\main\java\pe\edu\proceso_admision\service\IncidenciaService.java. Using fallback presentation compiler.
2026.05.25 03:33:21 INFO  no build target found for D:\CURSOS\7MO\Desarrollo_we\proceso_uni\backend\src\main\java\pe\edu\proceso_admision\service\IncidenciaService.java. Using fallback presentation compiler.
2026.05.25 03:33:22 WARN  no build target for: D:\CURSOS\7MO\Desarrollo_we\proceso_uni\backend\src\main\java\pe\edu\proceso_admision\service\IncidenciaService.java
2026.05.25 03:33:22 INFO  no build target found for D:\CURSOS\7MO\Desarrollo_we\proceso_uni\backend\src\main\java\pe\edu\proceso_admision\service\IncidenciaService.java. Using fallback presentation compiler.
2026.05.25 03:33:22 INFO  no build target found for D:\CURSOS\7MO\Desarrollo_we\proceso_uni\backend\src\main\java\pe\edu\proceso_admision\service\IncidenciaService.java. Using fallback presentation compiler.
2026.05.25 03:33:22 INFO  no build target found for D:\CURSOS\7MO\Desarrollo_we\proceso_uni\backend\src\main\java\pe\edu\proceso_admision\service\IncidenciaService.java. Using fallback presentation compiler.
2026.05.25 03:33:23 INFO  no build target found for D:\CURSOS\7MO\Desarrollo_we\proceso_uni\backend\src\main\java\pe\edu\proceso_admision\service\IncidenciaService.java. Using fallback presentation compiler.
2026.05.25 03:33:23 INFO  no build target found for D:\CURSOS\7MO\Desarrollo_we\proceso_uni\backend\src\main\java\pe\edu\proceso_admision\service\IncidenciaService.java. Using fallback presentation compiler.
2026.05.25 03:58:30 INFO  no build target found for D:\CURSOS\7MO\Desarrollo_we\proceso_uni\backend\src\main\java\pe\edu\proceso_admision\repository\OmrRespuestRepository.java. Using fallback presentation compiler.
2026.05.25 03:58:30 INFO  no build target found for D:\CURSOS\7MO\Desarrollo_we\proceso_uni\backend\src\main\java\pe\edu\proceso_admision\repository\OmrRespuestRepository.java. Using fallback presentation compiler.
2026.05.25 03:58:30 INFO  no build target found for D:\CURSOS\7MO\Desarrollo_we\proceso_uni\backend\src\main\java\pe\edu\proceso_admision\repository\OmrRespuestRepository.java. Using fallback presentation compiler.
2026.05.25 03:58:30 INFO  no build target found for D:\CURSOS\7MO\Desarrollo_we\proceso_uni\backend\src\main\java\pe\edu\proceso_admision\repository\OmrRespuestRepository.java. Using fallback presentation compiler.
2026.05.25 03:58:30 INFO  no build target found for D:\CURSOS\7MO\Desarrollo_we\proceso_uni\backend\src\main\java\pe\edu\proceso_admision\repository\OmrRespuestRepository.java. Using fallback presentation compiler.
2026.05.25 03:58:31 INFO  no build target found for D:\CURSOS\7MO\Desarrollo_we\proceso_uni\backend\src\main\java\pe\edu\proceso_admision\repository\OmrRespuestRepository.java. Using fallback presentation compiler.
2026.05.25 03:58:31 INFO  no build target found for D:\CURSOS\7MO\Desarrollo_we\proceso_uni\backend\src\main\java\pe\edu\proceso_admision\repository\OmrRespuestRepository.java. Using fallback presentation compiler.
may. 25, 2026 3:58:31 A. M. org.eclipse.lsp4j.jsonrpc.RemoteEndpoint handleCancellation
WARNING: Unmatched cancel notification for request id 306
2026.05.25 03:58:31 INFO  no build target found for D:\CURSOS\7MO\Desarrollo_we\proceso_uni\backend\src\main\java\pe\edu\proceso_admision\repository\OmrRespuestRepository.java. Using fallback presentation compiler.
2026.05.25 03:58:31 WARN  no build target for: D:\CURSOS\7MO\Desarrollo_we\proceso_uni\backend\src\main\java\pe\edu\proceso_admision\repository\OmrRespuestRepository.java
2026.05.25 03:58:31 INFO  no build target found for D:\CURSOS\7MO\Desarrollo_we\proceso_uni\backend\src\main\java\pe\edu\proceso_admision\repository\OmrRespuestRepository.java. Using fallback presentation compiler.
2026.05.25 03:58:31 INFO  no build target found for D:\CURSOS\7MO\Desarrollo_we\proceso_uni\backend\src\main\java\pe\edu\proceso_admision\repository\OmrRespuestRepository.java. Using fallback presentation compiler.
2026.05.25 03:58:32 INFO  no build target found for D:\CURSOS\7MO\Desarrollo_we\proceso_uni\backend\src\main\java\pe\edu\proceso_admision\repository\OmrRespuestRepository.java. Using fallback presentation compiler.
2026.05.25 03:58:32 INFO  no build target found for D:\CURSOS\7MO\Desarrollo_we\proceso_uni\backend\src\main\java\pe\edu\proceso_admision\repository\OmrRespuestRepository.java. Using fallback presentation compiler.
2026.05.25 03:58:32 INFO  no build target found for D:\CURSOS\7MO\Desarrollo_we\proceso_uni\backend\src\main\java\pe\edu\proceso_admision\repository\OmrRespuestRepository.java. Using fallback presentation compiler.
2026.05.25 03:58:55 INFO  no build target found for D:\CURSOS\7MO\Desarrollo_we\proceso_uni\backend\src\main\java\pe\edu\proceso_admision\service\IncidenciaService.java. Using fallback presentation compiler.
2026.05.25 03:58:55 INFO  no build target found for D:\CURSOS\7MO\Desarrollo_we\proceso_uni\backend\src\main\java\pe\edu\proceso_admision\service\IncidenciaService.java. Using fallback presentation compiler.
2026.05.25 03:58:55 INFO  no build target found for D:\CURSOS\7MO\Desarrollo_we\proceso_uni\backend\src\main\java\pe\edu\proceso_admision\service\IncidenciaService.java. Using fallback presentation compiler.
2026.05.25 03:58:55 INFO  no build target found for D:\CURSOS\7MO\Desarrollo_we\proceso_uni\backend\src\main\java\pe\edu\proceso_admision\service\IncidenciaService.java. Using fallback presentation compiler.
2026.05.25 03:58:55 INFO  no build target found for D:\CURSOS\7MO\Desarrollo_we\proceso_uni\backend\src\main\java\pe\edu\proceso_admision\service\IncidenciaService.java. Using fallback presentation compiler.
2026.05.25 03:58:55 INFO  no build target found for D:\CURSOS\7MO\Desarrollo_we\proceso_uni\backend\src\main\java\pe\edu\proceso_admision\service\IncidenciaService.java. Using fallback presentation compiler.
2026.05.25 03:58:56 INFO  no build target found for D:\CURSOS\7MO\Desarrollo_we\proceso_uni\backend\src\main\java\pe\edu\proceso_admision\service\IncidenciaService.java. Using fallback presentation compiler.
2026.05.25 03:58:55 INFO  no build target found for D:\CURSOS\7MO\Desarrollo_we\proceso_uni\backend\src\main\java\pe\edu\proceso_admision\service\IncidenciaService.java. Using fallback presentation compiler.
may. 25, 2026 3:58:56 A. M. org.eclipse.lsp4j.jsonrpc.RemoteEndpoint handleCancellation
WARNING: Unmatched cancel notification for request id 329
2026.05.25 03:58:56 INFO  no build target found for D:\CURSOS\7MO\Desarrollo_we\proceso_uni\backend\src\main\java\pe\edu\proceso_admision\service\IncidenciaService.java. Using fallback presentation compiler.
2026.05.25 03:58:57 WARN  no build target for: D:\CURSOS\7MO\Desarrollo_we\proceso_uni\backend\src\main\java\pe\edu\proceso_admision\service\IncidenciaService.java
2026.05.25 03:58:56 INFO  no build target found for D:\CURSOS\7MO\Desarrollo_we\proceso_uni\backend\src\main\java\pe\edu\proceso_admision\service\IncidenciaService.java. Using fallback presentation compiler.
2026.05.25 03:58:56 INFO  no build target found for D:\CURSOS\7MO\Desarrollo_we\proceso_uni\backend\src\main\java\pe\edu\proceso_admision\service\IncidenciaService.java. Using fallback presentation compiler.
2026.05.25 03:58:57 INFO  no build target found for D:\CURSOS\7MO\Desarrollo_we\proceso_uni\backend\src\main\java\pe\edu\proceso_admision\service\IncidenciaService.java. Using fallback presentation compiler.
2026.05.25 03:58:58 INFO  no build target found for D:\CURSOS\7MO\Desarrollo_we\proceso_uni\backend\src\main\java\pe\edu\proceso_admision\service\IncidenciaService.java. Using fallback presentation compiler.
2026.05.25 03:59:45 INFO  no build target found for D:\CURSOS\7MO\Desarrollo_we\proceso_uni\backend\src\main\java\pe\edu\proceso_admision\repository\OmrRespuestRepository.java. Using fallback presentation compiler.
2026.05.25 03:59:46 WARN  no build target for: D:\CURSOS\7MO\Desarrollo_we\proceso_uni\backend\src\main\java\pe\edu\proceso_admision\repository\OmrRespuestRepository.java
2026.05.25 03:59:45 INFO  no build target found for D:\CURSOS\7MO\Desarrollo_we\proceso_uni\backend\src\main\java\pe\edu\proceso_admision\service\IncidenciaService.java. Using fallback presentation compiler.
2026.05.25 03:59:46 WARN  no build target for: D:\CURSOS\7MO\Desarrollo_we\proceso_uni\backend\src\main\java\pe\edu\proceso_admision\service\IncidenciaService.java
2026.05.25 03:59:45 INFO  no build target found for D:\CURSOS\7MO\Desarrollo_we\proceso_uni\backend\src\main\java\pe\edu\proceso_admision\service\IncidenciaService.java. Using fallback presentation compiler.
2026.05.25 03:59:45 INFO  no build target found for D:\CURSOS\7MO\Desarrollo_we\proceso_uni\backend\src\main\java\pe\edu\proceso_admision\service\IncidenciaService.java. Using fallback presentation compiler.
2026.05.25 03:59:45 INFO  no build target found for D:\CURSOS\7MO\Desarrollo_we\proceso_uni\backend\src\main\java\pe\edu\proceso_admision\service\IncidenciaService.java. Using fallback presentation compiler.
2026.05.25 03:59:46 WARN  no build target for: D:\CURSOS\7MO\Desarrollo_we\proceso_uni\backend\src\main\java\pe\edu\proceso_admision\service\IncidenciaService.java
2026.05.25 03:59:45 INFO  no build target found for D:\CURSOS\7MO\Desarrollo_we\proceso_uni\backend\src\main\java\pe\edu\proceso_admision\service\IncidenciaService.java. Using fallback presentation compiler.
2026.05.25 03:59:46 INFO  no build target found for D:\CURSOS\7MO\Desarrollo_we\proceso_uni\backend\src\main\java\pe\edu\proceso_admision\service\IncidenciaService.java. Using fallback presentation compiler.
2026.05.25 03:59:47 WARN  no build target for: D:\CURSOS\7MO\Desarrollo_we\proceso_uni\backend\src\main\java\pe\edu\proceso_admision\service\IncidenciaService.java
2026.05.25 03:59:47 INFO  no build target found for D:\CURSOS\7MO\Desarrollo_we\proceso_uni\backend\src\main\java\pe\edu\proceso_admision\service\IncidenciaService.java. Using fallback presentation compiler.
2026.05.25 03:59:46 WARN  no build target for: D:\CURSOS\7MO\Desarrollo_we\proceso_uni\backend\src\main\java\pe\edu\proceso_admision\service\IncidenciaService.java
2026.05.25 03:59:46 INFO  no build target found for D:\CURSOS\7MO\Desarrollo_we\proceso_uni\backend\src\main\java\pe\edu\proceso_admision\service\IncidenciaService.java. Using fallback presentation compiler.
2026.05.25 03:59:47 INFO  no build target found for D:\CURSOS\7MO\Desarrollo_we\proceso_uni\backend\src\main\java\pe\edu\proceso_admision\service\IncidenciaService.java. Using fallback presentation compiler.
2026.05.25 03:59:47 INFO  no build target found for D:\CURSOS\7MO\Desarrollo_we\proceso_uni\backend\src\main\java\pe\edu\proceso_admision\service\IncidenciaService.java. Using fallback presentation compiler.
2026.05.25 03:59:47 INFO  no build target found for D:\CURSOS\7MO\Desarrollo_we\proceso_uni\backend\src\main\java\pe\edu\proceso_admision\service\IncidenciaService.java. Using fallback presentation compiler.
2026.05.25 04:30:24 INFO  no build target found for D:\CURSOS\7MO\Desarrollo_we\proceso_uni\backend\src\main\java\pe\edu\proceso_admision\service\IncidenciaService.java. Using fallback presentation compiler.
2026.05.25 04:30:24 INFO  no build target found for D:\CURSOS\7MO\Desarrollo_we\proceso_uni\backend\src\main\java\pe\edu\proceso_admision\service\IncidenciaService.java. Using fallback presentation compiler.
may. 25, 2026 4:30:24 A. M. org.eclipse.lsp4j.jsonrpc.RemoteEndpoint handleCancellation
WARNING: Unmatched cancel notification for request id 361
2026.05.25 04:30:24 INFO  no build target found for D:\CURSOS\7MO\Desarrollo_we\proceso_uni\backend\src\main\java\pe\edu\proceso_admision\service\IncidenciaService.java. Using fallback presentation compiler.
may. 25, 2026 4:30:25 A. M. org.eclipse.lsp4j.jsonrpc.RemoteEndpoint handleCancellation
WARNING: Unmatched cancel notification for request id 363
may. 25, 2026 4:30:25 A. M. org.eclipse.lsp4j.jsonrpc.RemoteEndpoint handleCancellation
WARNING: Unmatched cancel notification for request id 362
2026.05.25 04:30:25 INFO  no build target found for D:\CURSOS\7MO\Desarrollo_we\proceso_uni\backend\src\main\java\pe\edu\proceso_admision\service\IncidenciaService.java. Using fallback presentation compiler.
2026.05.25 04:30:25 INFO  no build target found for D:\CURSOS\7MO\Desarrollo_we\proceso_uni\backend\src\main\java\pe\edu\proceso_admision\service\IncidenciaService.java. Using fallback presentation compiler.
2026.05.25 04:30:25 INFO  no build target found for D:\CURSOS\7MO\Desarrollo_we\proceso_uni\backend\src\main\java\pe\edu\proceso_admision\service\IncidenciaService.java. Using fallback presentation compiler.
2026.05.25 04:30:25 INFO  no build target found for D:\CURSOS\7MO\Desarrollo_we\proceso_uni\backend\src\main\java\pe\edu\proceso_admision\service\IncidenciaService.java. Using fallback presentation compiler.
may. 25, 2026 4:30:25 A. M. org.eclipse.lsp4j.jsonrpc.RemoteEndpoint handleCancellation
WARNING: Unmatched cancel notification for request id 368
2026.05.25 04:30:25 INFO  no build target found for D:\CURSOS\7MO\Desarrollo_we\proceso_uni\backend\src\main\java\pe\edu\proceso_admision\service\IncidenciaService.java. Using fallback presentation compiler.
2026.05.25 04:30:25 INFO  no build target found for D:\CURSOS\7MO\Desarrollo_we\proceso_uni\backend\src\main\java\pe\edu\proceso_admision\service\IncidenciaService.java. Using fallback presentation compiler.
2026.05.25 04:30:25 WARN  no build target for: D:\CURSOS\7MO\Desarrollo_we\proceso_uni\backend\src\main\java\pe\edu\proceso_admision\service\IncidenciaService.java
2026.05.25 04:30:26 INFO  no build target found for D:\CURSOS\7MO\Desarrollo_we\proceso_uni\backend\src\main\java\pe\edu\proceso_admision\service\IncidenciaService.java. Using fallback presentation compiler.
2026.05.25 04:30:26 INFO  no build target found for D:\CURSOS\7MO\Desarrollo_we\proceso_uni\backend\src\main\java\pe\edu\proceso_admision\service\IncidenciaService.java. Using fallback presentation compiler.
2026.05.25 04:30:27 INFO  no build target found for D:\CURSOS\7MO\Desarrollo_we\proceso_uni\backend\src\main\java\pe\edu\proceso_admision\service\IncidenciaService.java. Using fallback presentation compiler.
2026.05.25 04:30:26 INFO  no build target found for D:\CURSOS\7MO\Desarrollo_we\proceso_uni\backend\src\main\java\pe\edu\proceso_admision\service\IncidenciaService.java. Using fallback presentation compiler.
2026.05.25 04:30:26 INFO  no build target found for D:\CURSOS\7MO\Desarrollo_we\proceso_uni\backend\src\main\java\pe\edu\proceso_admision\service\IncidenciaService.java. Using fallback presentation compiler.
2026.05.25 04:30:27 INFO  no build target found for D:\CURSOS\7MO\Desarrollo_we\proceso_uni\backend\src\main\java\pe\edu\proceso_admision\service\IncidenciaService.java. Using fallback presentation compiler.
2026.05.25 04:30:27 INFO  no build target found for D:\CURSOS\7MO\Desarrollo_we\proceso_uni\backend\src\main\java\pe\edu\proceso_admision\service\IncidenciaService.java. Using fallback presentation compiler.
2026.05.25 04:32:31 INFO  no build target found for D:\CURSOS\7MO\Desarrollo_we\proceso_uni\backend\src\main\java\pe\edu\proceso_admision\service\IncidenciaService.java. Using fallback presentation compiler.
2026.05.25 04:32:31 WARN  no build target for: D:\CURSOS\7MO\Desarrollo_we\proceso_uni\backend\src\main\java\pe\edu\proceso_admision\service\IncidenciaService.java
2026.05.25 04:32:31 INFO  no build target found for D:\CURSOS\7MO\Desarrollo_we\proceso_uni\backend\src\main\java\pe\edu\proceso_admision\service\IncidenciaService.java. Using fallback presentation compiler.
2026.05.25 04:32:31 INFO  no build target found for D:\CURSOS\7MO\Desarrollo_we\proceso_uni\backend\src\main\java\pe\edu\proceso_admision\service\IncidenciaService.java. Using fallback presentation compiler.
2026.05.25 04:32:31 INFO  no build target found for D:\CURSOS\7MO\Desarrollo_we\proceso_uni\backend\src\main\java\pe\edu\proceso_admision\service\IncidenciaService.java. Using fallback presentation compiler.
2026.05.25 04:32:31 WARN  no build target for: D:\CURSOS\7MO\Desarrollo_we\proceso_uni\backend\src\main\java\pe\edu\proceso_admision\service\IncidenciaService.java
2026.05.25 04:32:31 INFO  no build target found for D:\CURSOS\7MO\Desarrollo_we\proceso_uni\backend\src\main\java\pe\edu\proceso_admision\service\IncidenciaService.java. Using fallback presentation compiler.
2026.05.25 04:32:31 INFO  no build target found for D:\CURSOS\7MO\Desarrollo_we\proceso_uni\backend\src\main\java\pe\edu\proceso_admision\service\IncidenciaService.java. Using fallback presentation compiler.
2026.05.25 04:32:32 WARN  no build target for: D:\CURSOS\7MO\Desarrollo_we\proceso_uni\backend\src\main\java\pe\edu\proceso_admision\service\IncidenciaService.java
2026.05.25 04:32:32 INFO  no build target found for D:\CURSOS\7MO\Desarrollo_we\proceso_uni\backend\src\main\java\pe\edu\proceso_admision\service\IncidenciaService.java. Using fallback presentation compiler.
2026.05.25 04:32:31 WARN  no build target for: D:\CURSOS\7MO\Desarrollo_we\proceso_uni\backend\src\main\java\pe\edu\proceso_admision\service\IncidenciaService.java
2026.05.25 04:32:32 INFO  no build target found for D:\CURSOS\7MO\Desarrollo_we\proceso_uni\backend\src\main\java\pe\edu\proceso_admision\service\IncidenciaService.java. Using fallback presentation compiler.
2026.05.25 04:32:32 INFO  no build target found for D:\CURSOS\7MO\Desarrollo_we\proceso_uni\backend\src\main\java\pe\edu\proceso_admision\service\IncidenciaService.java. Using fallback presentation compiler.
2026.05.25 04:32:32 INFO  no build target found for D:\CURSOS\7MO\Desarrollo_we\proceso_uni\backend\src\main\java\pe\edu\proceso_admision\service\IncidenciaService.java. Using fallback presentation compiler.
2026.05.25 04:40:15 INFO  no build target found for D:\CURSOS\7MO\Desarrollo_we\proceso_uni\backend\src\main\java\pe\edu\proceso_admision\repository\IncidenciaRepository.java. Using fallback presentation compiler.
2026.05.25 04:40:15 INFO  no build target found for D:\CURSOS\7MO\Desarrollo_we\proceso_uni\backend\src\main\java\pe\edu\proceso_admision\repository\IncidenciaRepository.java. Using fallback presentation compiler.
2026.05.25 04:40:15 INFO  no build target found for D:\CURSOS\7MO\Desarrollo_we\proceso_uni\backend\src\main\java\pe\edu\proceso_admision\repository\IncidenciaRepository.java. Using fallback presentation compiler.
2026.05.25 04:40:15 INFO  no build target found for D:\CURSOS\7MO\Desarrollo_we\proceso_uni\backend\src\main\java\pe\edu\proceso_admision\repository\IncidenciaRepository.java. Using fallback presentation compiler.
2026.05.25 04:40:15 INFO  no build target found for D:\CURSOS\7MO\Desarrollo_we\proceso_uni\backend\src\main\java\pe\edu\proceso_admision\repository\IncidenciaRepository.java. Using fallback presentation compiler.
2026.05.25 04:40:15 INFO  no build target found for D:\CURSOS\7MO\Desarrollo_we\proceso_uni\backend\src\main\java\pe\edu\proceso_admision\repository\IncidenciaRepository.java. Using fallback presentation compiler.
2026.05.25 04:40:15 INFO  no build target found for D:\CURSOS\7MO\Desarrollo_we\proceso_uni\backend\src\main\java\pe\edu\proceso_admision\repository\IncidenciaRepository.java. Using fallback presentation compiler.
2026.05.25 04:40:15 WARN  no build target for: D:\CURSOS\7MO\Desarrollo_we\proceso_uni\backend\src\main\java\pe\edu\proceso_admision\repository\IncidenciaRepository.java
2026.05.25 04:40:15 INFO  no build target found for D:\CURSOS\7MO\Desarrollo_we\proceso_uni\backend\src\main\java\pe\edu\proceso_admision\repository\IncidenciaRepository.java. Using fallback presentation compiler.
2026.05.25 04:40:16 INFO  no build target found for D:\CURSOS\7MO\Desarrollo_we\proceso_uni\backend\src\main\java\pe\edu\proceso_admision\repository\IncidenciaRepository.java. Using fallback presentation compiler.
2026.05.25 04:40:15 INFO  no build target found for D:\CURSOS\7MO\Desarrollo_we\proceso_uni\backend\src\main\java\pe\edu\proceso_admision\repository\IncidenciaRepository.java. Using fallback presentation compiler.
2026.05.25 04:40:16 INFO  no build target found for D:\CURSOS\7MO\Desarrollo_we\proceso_uni\backend\src\main\java\pe\edu\proceso_admision\repository\IncidenciaRepository.java. Using fallback presentation compiler.
2026.05.25 04:40:26 INFO  no build target found for D:\CURSOS\7MO\Desarrollo_we\proceso_uni\backend\src\main\java\pe\edu\proceso_admision\service\ProcesamientoOmrService.java. Using fallback presentation compiler.
2026.05.25 04:40:26 INFO  no build target found for D:\CURSOS\7MO\Desarrollo_we\proceso_uni\backend\src\main\java\pe\edu\proceso_admision\service\ProcesamientoOmrService.java. Using fallback presentation compiler.
2026.05.25 04:40:26 INFO  no build target found for D:\CURSOS\7MO\Desarrollo_we\proceso_uni\backend\src\main\java\pe\edu\proceso_admision\service\ProcesamientoOmrService.java. Using fallback presentation compiler.
2026.05.25 04:40:26 INFO  no build target found for D:\CURSOS\7MO\Desarrollo_we\proceso_uni\backend\src\main\java\pe\edu\proceso_admision\service\ProcesamientoOmrService.java. Using fallback presentation compiler.
2026.05.25 04:40:26 INFO  no build target found for D:\CURSOS\7MO\Desarrollo_we\proceso_uni\backend\src\main\java\pe\edu\proceso_admision\service\ProcesamientoOmrService.java. Using fallback presentation compiler.
2026.05.25 04:40:27 INFO  no build target found for D:\CURSOS\7MO\Desarrollo_we\proceso_uni\backend\src\main\java\pe\edu\proceso_admision\service\ProcesamientoOmrService.java. Using fallback presentation compiler.
2026.05.25 04:40:27 INFO  no build target found for D:\CURSOS\7MO\Desarrollo_we\proceso_uni\backend\src\main\java\pe\edu\proceso_admision\service\ProcesamientoOmrService.java. Using fallback presentation compiler.
2026.05.25 04:40:27 WARN  no build target for: D:\CURSOS\7MO\Desarrollo_we\proceso_uni\backend\src\main\java\pe\edu\proceso_admision\service\ProcesamientoOmrService.java
2026.05.25 04:40:27 INFO  no build target found for D:\CURSOS\7MO\Desarrollo_we\proceso_uni\backend\src\main\java\pe\edu\proceso_admision\service\ProcesamientoOmrService.java. Using fallback presentation compiler.
2026.05.25 04:40:28 INFO  no build target found for D:\CURSOS\7MO\Desarrollo_we\proceso_uni\backend\src\main\java\pe\edu\proceso_admision\service\ProcesamientoOmrService.java. Using fallback presentation compiler.
2026.05.25 04:40:27 INFO  no build target found for D:\CURSOS\7MO\Desarrollo_we\proceso_uni\backend\src\main\java\pe\edu\proceso_admision\service\ProcesamientoOmrService.java. Using fallback presentation compiler.
2026.05.25 04:40:29 INFO  no build target found for D:\CURSOS\7MO\Desarrollo_we\proceso_uni\backend\src\main\java\pe\edu\proceso_admision\service\ProcesamientoOmrService.java. Using fallback presentation compiler.
2026.05.25 04:40:36 INFO  no build target found for D:\CURSOS\7MO\Desarrollo_we\proceso_uni\backend\src\main\java\pe\edu\proceso_admision\service\IncidenciaService.java. Using fallback presentation compiler.
2026.05.25 04:40:36 INFO  no build target found for D:\CURSOS\7MO\Desarrollo_we\proceso_uni\backend\src\main\java\pe\edu\proceso_admision\service\IncidenciaService.java. Using fallback presentation compiler.
2026.05.25 04:40:36 INFO  no build target found for D:\CURSOS\7MO\Desarrollo_we\proceso_uni\backend\src\main\java\pe\edu\proceso_admision\service\IncidenciaService.java. Using fallback presentation compiler.
2026.05.25 04:40:36 INFO  no build target found for D:\CURSOS\7MO\Desarrollo_we\proceso_uni\backend\src\main\java\pe\edu\proceso_admision\service\IncidenciaService.java. Using fallback presentation compiler.
2026.05.25 04:40:37 INFO  no build target found for D:\CURSOS\7MO\Desarrollo_we\proceso_uni\backend\src\main\java\pe\edu\proceso_admision\service\IncidenciaService.java. Using fallback presentation compiler.
2026.05.25 04:40:36 INFO  no build target found for D:\CURSOS\7MO\Desarrollo_we\proceso_uni\backend\src\main\java\pe\edu\proceso_admision\service\IncidenciaService.java. Using fallback presentation compiler.
2026.05.25 04:40:37 WARN  no build target for: D:\CURSOS\7MO\Desarrollo_we\proceso_uni\backend\src\main\java\pe\edu\proceso_admision\service\IncidenciaService.java
2026.05.25 04:40:37 INFO  no build target found for D:\CURSOS\7MO\Desarrollo_we\proceso_uni\backend\src\main\java\pe\edu\proceso_admision\service\IncidenciaService.java. Using fallback presentation compiler.
2026.05.25 04:40:37 INFO  no build target found for D:\CURSOS\7MO\Desarrollo_we\proceso_uni\backend\src\main\java\pe\edu\proceso_admision\service\IncidenciaService.java. Using fallback presentation compiler.
2026.05.25 04:40:37 INFO  no build target found for D:\CURSOS\7MO\Desarrollo_we\proceso_uni\backend\src\main\java\pe\edu\proceso_admision\service\IncidenciaService.java. Using fallback presentation compiler.
2026.05.25 04:40:37 INFO  no build target found for D:\CURSOS\7MO\Desarrollo_we\proceso_uni\backend\src\main\java\pe\edu\proceso_admision\service\IncidenciaService.java. Using fallback presentation compiler.
2026.05.25 04:40:51 INFO  no build target found for D:\CURSOS\7MO\Desarrollo_we\proceso_uni\backend\src\main\java\pe\edu\proceso_admision\service\ProcesamientoOmrService.java. Using fallback presentation compiler.
2026.05.25 04:40:51 WARN  no build target for: D:\CURSOS\7MO\Desarrollo_we\proceso_uni\backend\src\main\java\pe\edu\proceso_admision\service\ProcesamientoOmrService.java
2026.05.25 04:40:51 INFO  no build target found for D:\CURSOS\7MO\Desarrollo_we\proceso_uni\backend\src\main\java\pe\edu\proceso_admision\service\IncidenciaService.java. Using fallback presentation compiler.
2026.05.25 04:40:51 WARN  no build target for: D:\CURSOS\7MO\Desarrollo_we\proceso_uni\backend\src\main\java\pe\edu\proceso_admision\service\IncidenciaService.java
2026.05.25 04:40:51 INFO  no build target found for D:\CURSOS\7MO\Desarrollo_we\proceso_uni\backend\src\main\java\pe\edu\proceso_admision\service\IncidenciaService.java. Using fallback presentation compiler.
2026.05.25 04:40:51 INFO  no build target found for D:\CURSOS\7MO\Desarrollo_we\proceso_uni\backend\src\main\java\pe\edu\proceso_admision\service\IncidenciaService.java. Using fallback presentation compiler.
2026.05.25 04:40:51 INFO  no build target found for D:\CURSOS\7MO\Desarrollo_we\proceso_uni\backend\src\main\java\pe\edu\proceso_admision\service\IncidenciaService.java. Using fallback presentation compiler.
2026.05.25 04:40:51 WARN  no build target for: D:\CURSOS\7MO\Desarrollo_we\proceso_uni\backend\src\main\java\pe\edu\proceso_admision\service\IncidenciaService.java
2026.05.25 04:40:51 INFO  no build target found for D:\CURSOS\7MO\Desarrollo_we\proceso_uni\backend\src\main\java\pe\edu\proceso_admision\service\IncidenciaService.java. Using fallback presentation compiler.
2026.05.25 04:40:52 WARN  no build target for: D:\CURSOS\7MO\Desarrollo_we\proceso_uni\backend\src\main\java\pe\edu\proceso_admision\service\IncidenciaService.java
2026.05.25 04:40:52 INFO  no build target found for D:\CURSOS\7MO\Desarrollo_we\proceso_uni\backend\src\main\java\pe\edu\proceso_admision\service\IncidenciaService.java. Using fallback presentation compiler.
2026.05.25 04:40:52 WARN  no build target for: D:\CURSOS\7MO\Desarrollo_we\proceso_uni\backend\src\main\java\pe\edu\proceso_admision\service\IncidenciaService.java
2026.05.25 04:40:52 INFO  no build target found for D:\CURSOS\7MO\Desarrollo_we\proceso_uni\backend\src\main\java\pe\edu\proceso_admision\service\IncidenciaService.java. Using fallback presentation compiler.
2026.05.25 04:40:52 INFO  no build target found for D:\CURSOS\7MO\Desarrollo_we\proceso_uni\backend\src\main\java\pe\edu\proceso_admision\service\IncidenciaService.java. Using fallback presentation compiler.
2026.05.25 04:40:52 INFO  no build target found for D:\CURSOS\7MO\Desarrollo_we\proceso_uni\backend\src\main\java\pe\edu\proceso_admision\service\IncidenciaService.java. Using fallback presentation compiler.
2026.05.25 04:40:52 INFO  no build target found for D:\CURSOS\7MO\Desarrollo_we\proceso_uni\backend\src\main\java\pe\edu\proceso_admision\service\IncidenciaService.java. Using fallback presentation compiler.
2026.05.25 04:45:11 INFO  no build target found for D:\CURSOS\7MO\Desarrollo_we\proceso_uni\backend\src\main\java\pe\edu\proceso_admision\service\IncidenciaService.java. Using fallback presentation compiler.
2026.05.25 04:45:11 INFO  no build target found for D:\CURSOS\7MO\Desarrollo_we\proceso_uni\backend\src\main\java\pe\edu\proceso_admision\service\ProcesamientoOmrService.java. Using fallback presentation compiler.
2026.05.25 04:45:11 WARN  no build target for: D:\CURSOS\7MO\Desarrollo_we\proceso_uni\backend\src\main\java\pe\edu\proceso_admision\service\ProcesamientoOmrService.java
2026.05.25 04:45:11 INFO  no build target found for D:\CURSOS\7MO\Desarrollo_we\proceso_uni\backend\src\main\java\pe\edu\proceso_admision\service\ProcesamientoOmrService.java. Using fallback presentation compiler.
2026.05.25 04:45:11 INFO  no build target found for D:\CURSOS\7MO\Desarrollo_we\proceso_uni\backend\src\main\java\pe\edu\proceso_admision\service\ProcesamientoOmrService.java. Using fallback presentation compiler.
2026.05.25 04:45:11 INFO  no build target found for D:\CURSOS\7MO\Desarrollo_we\proceso_uni\backend\src\main\java\pe\edu\proceso_admision\service\ProcesamientoOmrService.java. Using fallback presentation compiler.
may. 25, 2026 4:45:11 A. M. org.eclipse.lsp4j.jsonrpc.RemoteEndpoint handleCancellation
WARNING: Unmatched cancel notification for request id 483
2026.05.25 04:45:11 INFO  no build target found for D:\CURSOS\7MO\Desarrollo_we\proceso_uni\backend\src\main\java\pe\edu\proceso_admision\service\IncidenciaService.java. Using fallback presentation compiler.
may. 25, 2026 4:45:11 A. M. org.eclipse.lsp4j.jsonrpc.RemoteEndpoint handleCancellation
WARNING: Unmatched cancel notification for request id 485
2026.05.25 04:45:11 INFO  no build target found for D:\CURSOS\7MO\Desarrollo_we\proceso_uni\backend\src\main\java\pe\edu\proceso_admision\service\IncidenciaService.java. Using fallback presentation compiler.
may. 25, 2026 4:45:11 A. M. org.eclipse.lsp4j.jsonrpc.RemoteEndpoint handleCancellation
WARNING: Unmatched cancel notification for request id 487
may. 25, 2026 4:45:11 A. M. org.eclipse.lsp4j.jsonrpc.RemoteEndpoint handleCancellation
WARNING: Unmatched cancel notification for request id 486
2026.05.25 04:45:11 INFO  no build target found for D:\CURSOS\7MO\Desarrollo_we\proceso_uni\backend\src\main\java\pe\edu\proceso_admision\service\IncidenciaService.java. Using fallback presentation compiler.
2026.05.25 04:45:11 INFO  no build target found for D:\CURSOS\7MO\Desarrollo_we\proceso_uni\backend\src\main\java\pe\edu\proceso_admision\service\IncidenciaService.java. Using fallback presentation compiler.
2026.05.25 04:45:11 INFO  no build target found for D:\CURSOS\7MO\Desarrollo_we\proceso_uni\backend\src\main\java\pe\edu\proceso_admision\service\IncidenciaService.java. Using fallback presentation compiler.
2026.05.25 04:45:12 INFO  no build target found for D:\CURSOS\7MO\Desarrollo_we\proceso_uni\backend\src\main\java\pe\edu\proceso_admision\service\IncidenciaService.java. Using fallback presentation compiler.
2026.05.25 04:45:12 WARN  no build target for: D:\CURSOS\7MO\Desarrollo_we\proceso_uni\backend\src\main\java\pe\edu\proceso_admision\service\IncidenciaService.java
2026.05.25 04:45:12 INFO  no build target found for D:\CURSOS\7MO\Desarrollo_we\proceso_uni\backend\src\main\java\pe\edu\proceso_admision\service\IncidenciaService.java. Using fallback presentation compiler.
2026.05.25 04:45:12 INFO  no build target found for D:\CURSOS\7MO\Desarrollo_we\proceso_uni\backend\src\main\java\pe\edu\proceso_admision\service\IncidenciaService.java. Using fallback presentation compiler.
2026.05.25 04:45:12 INFO  no build target found for D:\CURSOS\7MO\Desarrollo_we\proceso_uni\backend\src\main\java\pe\edu\proceso_admision\service\IncidenciaService.java. Using fallback presentation compiler.
2026.05.25 04:45:13 INFO  no build target found for D:\CURSOS\7MO\Desarrollo_we\proceso_uni\backend\src\main\java\pe\edu\proceso_admision\service\IncidenciaService.java. Using fallback presentation compiler.
2026.05.25 04:59:22 INFO  no build target found for D:\CURSOS\7MO\Desarrollo_we\proceso_uni\backend\src\main\java\pe\edu\proceso_admision\dto\omr\AjusteResultadoRequestDto.java. Using fallback presentation compiler.
2026.05.25 04:59:22 INFO  no build target found for D:\CURSOS\7MO\Desarrollo_we\proceso_uni\backend\src\main\java\pe\edu\proceso_admision\dto\omr\AjusteResultadoRequestDto.java. Using fallback presentation compiler.
2026.05.25 04:59:22 INFO  no build target found for D:\CURSOS\7MO\Desarrollo_we\proceso_uni\backend\src\main\java\pe\edu\proceso_admision\dto\omr\AjusteResultadoRequestDto.java. Using fallback presentation compiler.
2026.05.25 04:59:23 WARN  no build target for: D:\CURSOS\7MO\Desarrollo_we\proceso_uni\backend\src\main\java\pe\edu\proceso_admision\dto\omr\AjusteResultadoRequestDto.java
2026.05.25 04:59:23 INFO  no build target found for D:\CURSOS\7MO\Desarrollo_we\proceso_uni\backend\src\main\java\pe\edu\proceso_admision\dto\omr\AjusteResultadoRequestDto.java. Using fallback presentation compiler.
2026.05.25 04:59:23 INFO  no build target found for D:\CURSOS\7MO\Desarrollo_we\proceso_uni\backend\src\main\java\pe\edu\proceso_admision\dto\omr\AjusteResultadoRequestDto.java. Using fallback presentation compiler.
2026.05.25 04:59:23 INFO  no build target found for D:\CURSOS\7MO\Desarrollo_we\proceso_uni\backend\src\main\java\pe\edu\proceso_admision\dto\omr\AjusteResultadoRequestDto.java. Using fallback presentation compiler.
2026.05.25 04:59:24 INFO  no build target found for D:\CURSOS\7MO\Desarrollo_we\proceso_uni\backend\src\main\java\pe\edu\proceso_admision\dto\omr\AjusteResultadoRequestDto.java. Using fallback presentation compiler.
2026.05.25 04:59:48 INFO  no build target found for D:\CURSOS\7MO\Desarrollo_we\proceso_uni\backend\src\main\java\pe\edu\proceso_admision\service\OmrConsultaService.java. Using fallback presentation compiler.
2026.05.25 04:59:48 INFO  no build target found for D:\CURSOS\7MO\Desarrollo_we\proceso_uni\backend\src\main\java\pe\edu\proceso_admision\service\OmrConsultaService.java. Using fallback presentation compiler.
2026.05.25 04:59:48 INFO  no build target found for D:\CURSOS\7MO\Desarrollo_we\proceso_uni\backend\src\main\java\pe\edu\proceso_admision\service\OmrConsultaService.java. Using fallback presentation compiler.
may. 25, 2026 4:59:49 A. M. org.eclipse.lsp4j.jsonrpc.RemoteEndpoint handleCancellation
WARNING: Unmatched cancel notification for request id 523
may. 25, 2026 4:59:49 A. M. org.eclipse.lsp4j.jsonrpc.RemoteEndpoint handleCancellation
WARNING: Unmatched cancel notification for request id 522
2026.05.25 04:59:48 INFO  no build target found for D:\CURSOS\7MO\Desarrollo_we\proceso_uni\backend\src\main\java\pe\edu\proceso_admision\service\OmrConsultaService.java. Using fallback presentation compiler.
2026.05.25 04:59:48 INFO  no build target found for D:\CURSOS\7MO\Desarrollo_we\proceso_uni\backend\src\main\java\pe\edu\proceso_admision\service\OmrConsultaService.java. Using fallback presentation compiler.
2026.05.25 04:59:48 INFO  no build target found for D:\CURSOS\7MO\Desarrollo_we\proceso_uni\backend\src\main\java\pe\edu\proceso_admision\service\OmrConsultaService.java. Using fallback presentation compiler.
2026.05.25 04:59:49 INFO  no build target found for D:\CURSOS\7MO\Desarrollo_we\proceso_uni\backend\src\main\java\pe\edu\proceso_admision\service\OmrConsultaService.java. Using fallback presentation compiler.
2026.05.25 04:59:49 INFO  no build target found for D:\CURSOS\7MO\Desarrollo_we\proceso_uni\backend\src\main\java\pe\edu\proceso_admision\service\OmrConsultaService.java. Using fallback presentation compiler.
2026.05.25 04:59:49 INFO  no build target found for D:\CURSOS\7MO\Desarrollo_we\proceso_uni\backend\src\main\java\pe\edu\proceso_admision\service\OmrConsultaService.java. Using fallback presentation compiler.
may. 25, 2026 4:59:49 A. M. org.eclipse.lsp4j.jsonrpc.RemoteEndpoint handleCancellation
WARNING: Unmatched cancel notification for request id 531
2026.05.25 04:59:50 WARN  no build target for: D:\CURSOS\7MO\Desarrollo_we\proceso_uni\backend\src\main\java\pe\edu\proceso_admision\service\OmrConsultaService.java
2026.05.25 04:59:49 INFO  no build target found for D:\CURSOS\7MO\Desarrollo_we\proceso_uni\backend\src\main\java\pe\edu\proceso_admision\service\OmrConsultaService.java. Using fallback presentation compiler.
2026.05.25 04:59:49 INFO  no build target found for D:\CURSOS\7MO\Desarrollo_we\proceso_uni\backend\src\main\java\pe\edu\proceso_admision\service\OmrConsultaService.java. Using fallback presentation compiler.
2026.05.25 04:59:50 INFO  no build target found for D:\CURSOS\7MO\Desarrollo_we\proceso_uni\backend\src\main\java\pe\edu\proceso_admision\service\OmrConsultaService.java. Using fallback presentation compiler.
2026.05.25 05:00:03 INFO  no build target found for D:\CURSOS\7MO\Desarrollo_we\proceso_uni\backend\src\main\java\pe\edu\proceso_admision\dto\omr\AjusteResultadoRequestDto.java. Using fallback presentation compiler.
2026.05.25 05:00:03 WARN  no build target for: D:\CURSOS\7MO\Desarrollo_we\proceso_uni\backend\src\main\java\pe\edu\proceso_admision\dto\omr\AjusteResultadoRequestDto.java
2026.05.25 05:00:03 INFO  no build target found for D:\CURSOS\7MO\Desarrollo_we\proceso_uni\backend\src\main\java\pe\edu\proceso_admision\service\OmrConsultaService.java. Using fallback presentation compiler.
2026.05.25 05:00:03 WARN  no build target for: D:\CURSOS\7MO\Desarrollo_we\proceso_uni\backend\src\main\java\pe\edu\proceso_admision\service\OmrConsultaService.java
2026.05.25 05:00:03 INFO  no build target found for D:\CURSOS\7MO\Desarrollo_we\proceso_uni\backend\src\main\java\pe\edu\proceso_admision\service\OmrConsultaService.java. Using fallback presentation compiler.
may. 25, 2026 5:00:03 A. M. org.eclipse.lsp4j.jsonrpc.RemoteEndpoint handleCancellation
WARNING: Unmatched cancel notification for request id 544
2026.05.25 05:00:03 INFO  no build target found for D:\CURSOS\7MO\Desarrollo_we\proceso_uni\backend\src\main\java\pe\edu\proceso_admision\service\OmrConsultaService.java. Using fallback presentation compiler.
2026.05.25 05:00:03 INFO  no build target found for D:\CURSOS\7MO\Desarrollo_we\proceso_uni\backend\src\main\java\pe\edu\proceso_admision\service\OmrConsultaService.java. Using fallback presentation compiler.
2026.05.25 05:00:03 WARN  no build target for: D:\CURSOS\7MO\Desarrollo_we\proceso_uni\backend\src\main\java\pe\edu\proceso_admision\service\OmrConsultaService.java
2026.05.25 05:00:03 INFO  no build target found for D:\CURSOS\7MO\Desarrollo_we\proceso_uni\backend\src\main\java\pe\edu\proceso_admision\service\OmrConsultaService.java. Using fallback presentation compiler.
2026.05.25 05:00:04 INFO  no build target found for D:\CURSOS\7MO\Desarrollo_we\proceso_uni\backend\src\main\java\pe\edu\proceso_admision\service\OmrConsultaService.java. Using fallback presentation compiler.
2026.05.25 05:00:04 WARN  no build target for: D:\CURSOS\7MO\Desarrollo_we\proceso_uni\backend\src\main\java\pe\edu\proceso_admision\service\OmrConsultaService.java
2026.05.25 05:00:04 INFO  no build target found for D:\CURSOS\7MO\Desarrollo_we\proceso_uni\backend\src\main\java\pe\edu\proceso_admision\service\OmrConsultaService.java. Using fallback presentation compiler.
2026.05.25 05:00:04 WARN  no build target for: D:\CURSOS\7MO\Desarrollo_we\proceso_uni\backend\src\main\java\pe\edu\proceso_admision\service\OmrConsultaService.java
2026.05.25 05:00:04 INFO  no build target found for D:\CURSOS\7MO\Desarrollo_we\proceso_uni\backend\src\main\java\pe\edu\proceso_admision\service\OmrConsultaService.java. Using fallback presentation compiler.
2026.05.25 05:00:04 INFO  no build target found for D:\CURSOS\7MO\Desarrollo_we\proceso_uni\backend\src\main\java\pe\edu\proceso_admision\service\OmrConsultaService.java. Using fallback presentation compiler.
2026.05.25 05:00:04 INFO  no build target found for D:\CURSOS\7MO\Desarrollo_we\proceso_uni\backend\src\main\java\pe\edu\proceso_admision\service\OmrConsultaService.java. Using fallback presentation compiler.
2026.05.25 05:00:04 INFO  no build target found for D:\CURSOS\7MO\Desarrollo_we\proceso_uni\backend\src\main\java\pe\edu\proceso_admision\service\OmrConsultaService.java. Using fallback presentation compiler.
2026.05.25 05:00:19 INFO  no build target found for D:\CURSOS\7MO\Desarrollo_we\proceso_uni\backend\src\main\java\pe\edu\proceso_admision\controller\OmrProcesoController.java. Using fallback presentation compiler.
2026.05.25 05:00:19 INFO  no build target found for D:\CURSOS\7MO\Desarrollo_we\proceso_uni\backend\src\main\java\pe\edu\proceso_admision\controller\OmrProcesoController.java. Using fallback presentation compiler.
2026.05.25 05:00:19 INFO  no build target found for D:\CURSOS\7MO\Desarrollo_we\proceso_uni\backend\src\main\java\pe\edu\proceso_admision\controller\OmrProcesoController.java. Using fallback presentation compiler.
2026.05.25 05:00:19 INFO  no build target found for D:\CURSOS\7MO\Desarrollo_we\proceso_uni\backend\src\main\java\pe\edu\proceso_admision\controller\OmrProcesoController.java. Using fallback presentation compiler.
2026.05.25 05:00:19 INFO  no build target found for D:\CURSOS\7MO\Desarrollo_we\proceso_uni\backend\src\main\java\pe\edu\proceso_admision\controller\OmrProcesoController.java. Using fallback presentation compiler.
2026.05.25 05:00:19 INFO  no build target found for D:\CURSOS\7MO\Desarrollo_we\proceso_uni\backend\src\main\java\pe\edu\proceso_admision\controller\OmrProcesoController.java. Using fallback presentation compiler.
2026.05.25 05:00:20 WARN  no build target for: D:\CURSOS\7MO\Desarrollo_we\proceso_uni\backend\src\main\java\pe\edu\proceso_admision\controller\OmrProcesoController.java
2026.05.25 05:00:19 INFO  no build target found for D:\CURSOS\7MO\Desarrollo_we\proceso_uni\backend\src\main\java\pe\edu\proceso_admision\controller\OmrProcesoController.java. Using fallback presentation compiler.
2026.05.25 05:00:20 INFO  no build target found for D:\CURSOS\7MO\Desarrollo_we\proceso_uni\backend\src\main\java\pe\edu\proceso_admision\controller\OmrProcesoController.java. Using fallback presentation compiler.
2026.05.25 05:00:20 INFO  no build target found for D:\CURSOS\7MO\Desarrollo_we\proceso_uni\backend\src\main\java\pe\edu\proceso_admision\controller\OmrProcesoController.java. Using fallback presentation compiler.
2026.05.25 05:00:20 INFO  no build target found for D:\CURSOS\7MO\Desarrollo_we\proceso_uni\backend\src\main\java\pe\edu\proceso_admision\controller\OmrProcesoController.java. Using fallback presentation compiler.
2026.05.25 05:00:20 INFO  no build target found for D:\CURSOS\7MO\Desarrollo_we\proceso_uni\backend\src\main\java\pe\edu\proceso_admision\controller\OmrProcesoController.java. Using fallback presentation compiler.
2026.05.25 05:14:25 INFO  no build target found for D:\CURSOS\7MO\Desarrollo_we\proceso_uni\backend\src\main\java\pe\edu\proceso_admision\dto\omr\AnulacionResponseDto.java. Using fallback presentation compiler.
2026.05.25 05:14:25 INFO  no build target found for D:\CURSOS\7MO\Desarrollo_we\proceso_uni\backend\src\main\java\pe\edu\proceso_admision\dto\omr\AnulacionResponseDto.java. Using fallback presentation compiler.
2026.05.25 05:14:25 INFO  no build target found for D:\CURSOS\7MO\Desarrollo_we\proceso_uni\backend\src\main\java\pe\edu\proceso_admision\dto\omr\AnulacionResponseDto.java. Using fallback presentation compiler.
2026.05.25 05:14:26 WARN  no build target for: D:\CURSOS\7MO\Desarrollo_we\proceso_uni\backend\src\main\java\pe\edu\proceso_admision\dto\omr\AnulacionResponseDto.java
2026.05.25 05:14:26 INFO  no build target found for D:\CURSOS\7MO\Desarrollo_we\proceso_uni\backend\src\main\java\pe\edu\proceso_admision\dto\omr\AnulacionResponseDto.java. Using fallback presentation compiler.
2026.05.25 05:14:27 INFO  no build target found for D:\CURSOS\7MO\Desarrollo_we\proceso_uni\backend\src\main\java\pe\edu\proceso_admision\dto\omr\AnulacionResponseDto.java. Using fallback presentation compiler.
2026.05.25 05:14:26 INFO  no build target found for D:\CURSOS\7MO\Desarrollo_we\proceso_uni\backend\src\main\java\pe\edu\proceso_admision\dto\omr\AnulacionResponseDto.java. Using fallback presentation compiler.
2026.05.25 05:14:26 INFO  no build target found for D:\CURSOS\7MO\Desarrollo_we\proceso_uni\backend\src\main\java\pe\edu\proceso_admision\dto\omr\AnulacionResponseDto.java. Using fallback presentation compiler.
2026.05.25 05:14:27 INFO  no build target found for D:\CURSOS\7MO\Desarrollo_we\proceso_uni\backend\src\main\java\pe\edu\proceso_admision\dto\omr\AnulacionResponseDto.java. Using fallback presentation compiler.
2026.05.25 05:14:39 INFO  no build target found for D:\CURSOS\7MO\Desarrollo_we\proceso_uni\backend\src\main\java\pe\edu\proceso_admision\controller\OmrProcesoController.java. Using fallback presentation compiler.
2026.05.25 05:14:39 INFO  no build target found for D:\CURSOS\7MO\Desarrollo_we\proceso_uni\backend\src\main\java\pe\edu\proceso_admision\controller\OmrProcesoController.java. Using fallback presentation compiler.
2026.05.25 05:14:39 INFO  no build target found for D:\CURSOS\7MO\Desarrollo_we\proceso_uni\backend\src\main\java\pe\edu\proceso_admision\controller\OmrProcesoController.java. Using fallback presentation compiler.
2026.05.25 05:14:39 INFO  no build target found for D:\CURSOS\7MO\Desarrollo_we\proceso_uni\backend\src\main\java\pe\edu\proceso_admision\controller\OmrProcesoController.java. Using fallback presentation compiler.
2026.05.25 05:14:39 INFO  no build target found for D:\CURSOS\7MO\Desarrollo_we\proceso_uni\backend\src\main\java\pe\edu\proceso_admision\controller\OmrProcesoController.java. Using fallback presentation compiler.
2026.05.25 05:14:40 INFO  no build target found for D:\CURSOS\7MO\Desarrollo_we\proceso_uni\backend\src\main\java\pe\edu\proceso_admision\controller\OmrProcesoController.java. Using fallback presentation compiler.
2026.05.25 05:14:40 INFO  no build target found for D:\CURSOS\7MO\Desarrollo_we\proceso_uni\backend\src\main\java\pe\edu\proceso_admision\controller\OmrProcesoController.java. Using fallback presentation compiler.
2026.05.25 05:14:41 WARN  no build target for: D:\CURSOS\7MO\Desarrollo_we\proceso_uni\backend\src\main\java\pe\edu\proceso_admision\controller\OmrProcesoController.java
2026.05.25 05:14:40 INFO  no build target found for D:\CURSOS\7MO\Desarrollo_we\proceso_uni\backend\src\main\java\pe\edu\proceso_admision\controller\OmrProcesoController.java. Using fallback presentation compiler.
2026.05.25 05:14:40 INFO  no build target found for D:\CURSOS\7MO\Desarrollo_we\proceso_uni\backend\src\main\java\pe\edu\proceso_admision\controller\OmrProcesoController.java. Using fallback presentation compiler.
2026.05.25 05:14:41 INFO  no build target found for D:\CURSOS\7MO\Desarrollo_we\proceso_uni\backend\src\main\java\pe\edu\proceso_admision\controller\OmrProcesoController.java. Using fallback presentation compiler.
2026.05.25 05:14:42 INFO  no build target found for D:\CURSOS\7MO\Desarrollo_we\proceso_uni\backend\src\main\java\pe\edu\proceso_admision\controller\OmrProcesoController.java. Using fallback presentation compiler.
2026.05.25 05:27:31 INFO  no build target found for D:\CURSOS\7MO\Desarrollo_we\proceso_uni\backend\src\main\java\pe\edu\proceso_admision\service\RecalculoResultadosService.java. Using fallback presentation compiler.
2026.05.25 05:27:31 INFO  no build target found for D:\CURSOS\7MO\Desarrollo_we\proceso_uni\backend\src\main\java\pe\edu\proceso_admision\service\RecalculoResultadosService.java. Using fallback presentation compiler.
2026.05.25 05:27:31 INFO  no build target found for D:\CURSOS\7MO\Desarrollo_we\proceso_uni\backend\src\main\java\pe\edu\proceso_admision\service\RecalculoResultadosService.java. Using fallback presentation compiler.
2026.05.25 05:27:31 INFO  no build target found for D:\CURSOS\7MO\Desarrollo_we\proceso_uni\backend\src\main\java\pe\edu\proceso_admision\service\RecalculoResultadosService.java. Using fallback presentation compiler.
2026.05.25 05:27:31 WARN  no build target for: D:\CURSOS\7MO\Desarrollo_we\proceso_uni\backend\src\main\java\pe\edu\proceso_admision\service\RecalculoResultadosService.java
2026.05.25 05:27:32 INFO  no build target found for D:\CURSOS\7MO\Desarrollo_we\proceso_uni\backend\src\main\java\pe\edu\proceso_admision\service\RecalculoResultadosService.java. Using fallback presentation compiler.
2026.05.25 05:27:32 INFO  no build target found for D:\CURSOS\7MO\Desarrollo_we\proceso_uni\backend\src\main\java\pe\edu\proceso_admision\service\RecalculoResultadosService.java. Using fallback presentation compiler.
may. 25, 2026 5:27:32 A. M. org.eclipse.lsp4j.jsonrpc.RemoteEndpoint handleCancellation
WARNING: Unmatched cancel notification for request id 632
2026.05.25 05:27:32 INFO  no build target found for D:\CURSOS\7MO\Desarrollo_we\proceso_uni\backend\src\main\java\pe\edu\proceso_admision\service\RecalculoResultadosService.java. Using fallback presentation compiler.
2026.05.25 05:27:32 INFO  no build target found for D:\CURSOS\7MO\Desarrollo_we\proceso_uni\backend\src\main\java\pe\edu\proceso_admision\service\RecalculoResultadosService.java. Using fallback presentation compiler.
2026.05.25 05:27:32 INFO  no build target found for D:\CURSOS\7MO\Desarrollo_we\proceso_uni\backend\src\main\java\pe\edu\proceso_admision\service\RecalculoResultadosService.java. Using fallback presentation compiler.
2026.05.25 05:27:56 INFO  no build target found for D:\CURSOS\7MO\Desarrollo_we\proceso_uni\backend\src\main\java\pe\edu\proceso_admision\service\ProcesamientoOmrService.java. Using fallback presentation compiler.
2026.05.25 05:27:56 INFO  no build target found for D:\CURSOS\7MO\Desarrollo_we\proceso_uni\backend\src\main\java\pe\edu\proceso_admision\service\ProcesamientoOmrService.java. Using fallback presentation compiler.
2026.05.25 05:27:56 INFO  no build target found for D:\CURSOS\7MO\Desarrollo_we\proceso_uni\backend\src\main\java\pe\edu\proceso_admision\service\ProcesamientoOmrService.java. Using fallback presentation compiler.
2026.05.25 05:27:56 INFO  no build target found for D:\CURSOS\7MO\Desarrollo_we\proceso_uni\backend\src\main\java\pe\edu\proceso_admision\service\ProcesamientoOmrService.java. Using fallback presentation compiler.
2026.05.25 05:27:56 INFO  no build target found for D:\CURSOS\7MO\Desarrollo_we\proceso_uni\backend\src\main\java\pe\edu\proceso_admision\service\ProcesamientoOmrService.java. Using fallback presentation compiler.
2026.05.25 05:27:57 INFO  no build target found for D:\CURSOS\7MO\Desarrollo_we\proceso_uni\backend\src\main\java\pe\edu\proceso_admision\service\ProcesamientoOmrService.java. Using fallback presentation compiler.
2026.05.25 05:27:57 INFO  no build target found for D:\CURSOS\7MO\Desarrollo_we\proceso_uni\backend\src\main\java\pe\edu\proceso_admision\service\ProcesamientoOmrService.java. Using fallback presentation compiler.
2026.05.25 05:27:58 WARN  no build target for: D:\CURSOS\7MO\Desarrollo_we\proceso_uni\backend\src\main\java\pe\edu\proceso_admision\service\ProcesamientoOmrService.java
2026.05.25 05:27:58 INFO  no build target found for D:\CURSOS\7MO\Desarrollo_we\proceso_uni\backend\src\main\java\pe\edu\proceso_admision\service\ProcesamientoOmrService.java. Using fallback presentation compiler.
2026.05.25 05:27:57 INFO  no build target found for D:\CURSOS\7MO\Desarrollo_we\proceso_uni\backend\src\main\java\pe\edu\proceso_admision\service\ProcesamientoOmrService.java. Using fallback presentation compiler.
2026.05.25 05:27:57 INFO  no build target found for D:\CURSOS\7MO\Desarrollo_we\proceso_uni\backend\src\main\java\pe\edu\proceso_admision\service\ProcesamientoOmrService.java. Using fallback presentation compiler.
2026.05.25 05:27:59 INFO  no build target found for D:\CURSOS\7MO\Desarrollo_we\proceso_uni\backend\src\main\java\pe\edu\proceso_admision\service\ProcesamientoOmrService.java. Using fallback presentation compiler.
2026.05.25 05:27:59 INFO  no build target found for D:\CURSOS\7MO\Desarrollo_we\proceso_uni\backend\src\main\java\pe\edu\proceso_admision\service\ProcesamientoOmrService.java. Using fallback presentation compiler.
2026.05.25 05:27:59 INFO  no build target found for D:\CURSOS\7MO\Desarrollo_we\proceso_uni\backend\src\main\java\pe\edu\proceso_admision\service\ProcesamientoOmrService.java. Using fallback presentation compiler.
2026.05.25 05:28:07 INFO  no build target found for D:\CURSOS\7MO\Desarrollo_we\proceso_uni\backend\src\main\java\pe\edu\proceso_admision\service\IncidenciaService.java. Using fallback presentation compiler.
2026.05.25 05:28:07 INFO  no build target found for D:\CURSOS\7MO\Desarrollo_we\proceso_uni\backend\src\main\java\pe\edu\proceso_admision\service\IncidenciaService.java. Using fallback presentation compiler.
2026.05.25 05:28:07 INFO  no build target found for D:\CURSOS\7MO\Desarrollo_we\proceso_uni\backend\src\main\java\pe\edu\proceso_admision\service\IncidenciaService.java. Using fallback presentation compiler.
2026.05.25 05:28:07 INFO  no build target found for D:\CURSOS\7MO\Desarrollo_we\proceso_uni\backend\src\main\java\pe\edu\proceso_admision\service\IncidenciaService.java. Using fallback presentation compiler.
2026.05.25 05:28:07 INFO  no build target found for D:\CURSOS\7MO\Desarrollo_we\proceso_uni\backend\src\main\java\pe\edu\proceso_admision\service\IncidenciaService.java. Using fallback presentation compiler.
2026.05.25 05:28:08 INFO  no build target found for D:\CURSOS\7MO\Desarrollo_we\proceso_uni\backend\src\main\java\pe\edu\proceso_admision\service\IncidenciaService.java. Using fallback presentation compiler.
2026.05.25 05:28:07 INFO  no build target found for D:\CURSOS\7MO\Desarrollo_we\proceso_uni\backend\src\main\java\pe\edu\proceso_admision\service\IncidenciaService.java. Using fallback presentation compiler.
2026.05.25 05:28:08 WARN  no build target for: D:\CURSOS\7MO\Desarrollo_we\proceso_uni\backend\src\main\java\pe\edu\proceso_admision\service\IncidenciaService.java
2026.05.25 05:28:09 INFO  no build target found for D:\CURSOS\7MO\Desarrollo_we\proceso_uni\backend\src\main\java\pe\edu\proceso_admision\service\IncidenciaService.java. Using fallback presentation compiler.
2026.05.25 05:28:09 INFO  no build target found for D:\CURSOS\7MO\Desarrollo_we\proceso_uni\backend\src\main\java\pe\edu\proceso_admision\service\IncidenciaService.java. Using fallback presentation compiler.
2026.05.25 05:28:09 INFO  no build target found for D:\CURSOS\7MO\Desarrollo_we\proceso_uni\backend\src\main\java\pe\edu\proceso_admision\service\IncidenciaService.java. Using fallback presentation compiler.
2026.05.25 05:28:09 INFO  no build target found for D:\CURSOS\7MO\Desarrollo_we\proceso_uni\backend\src\main\java\pe\edu\proceso_admision\service\IncidenciaService.java. Using fallback presentation compiler.
2026.05.25 05:46:34 INFO  no build target found for D:\CURSOS\7MO\Desarrollo_we\proceso_uni\backend\src\main\java\pe\edu\proceso_admision\service\ReporteFinalService.java. Using fallback presentation compiler.
2026.05.25 05:46:34 INFO  no build target found for D:\CURSOS\7MO\Desarrollo_we\proceso_uni\backend\src\main\java\pe\edu\proceso_admision\service\ReporteFinalService.java. Using fallback presentation compiler.
may. 25, 2026 5:46:35 A. M. org.eclipse.lsp4j.jsonrpc.RemoteEndpoint handleCancellation
WARNING: Unmatched cancel notification for request id 680
2026.05.25 05:46:34 INFO  no build target found for D:\CURSOS\7MO\Desarrollo_we\proceso_uni\backend\src\main\java\pe\edu\proceso_admision\service\ReporteFinalService.java. Using fallback presentation compiler.
2026.05.25 05:46:34 INFO  no build target found for D:\CURSOS\7MO\Desarrollo_we\proceso_uni\backend\src\main\java\pe\edu\proceso_admision\service\ReporteFinalService.java. Using fallback presentation compiler.
may. 25, 2026 5:46:35 A. M. org.eclipse.lsp4j.jsonrpc.RemoteEndpoint handleCancellation
WARNING: Unmatched cancel notification for request id 683
2026.05.25 05:46:36 INFO  no build target found for D:\CURSOS\7MO\Desarrollo_we\proceso_uni\backend\src\main\java\pe\edu\proceso_admision\service\ReporteFinalService.java. Using fallback presentation compiler.
2026.05.25 05:46:36 INFO  no build target found for D:\CURSOS\7MO\Desarrollo_we\proceso_uni\backend\src\main\java\pe\edu\proceso_admision\service\ReporteFinalService.java. Using fallback presentation compiler.
2026.05.25 05:46:36 INFO  no build target found for D:\CURSOS\7MO\Desarrollo_we\proceso_uni\backend\src\main\java\pe\edu\proceso_admision\service\ReporteFinalService.java. Using fallback presentation compiler.
2026.05.25 05:46:36 WARN  no build target for: D:\CURSOS\7MO\Desarrollo_we\proceso_uni\backend\src\main\java\pe\edu\proceso_admision\service\ReporteFinalService.java
may. 25, 2026 5:46:37 A. M. org.eclipse.lsp4j.jsonrpc.RemoteEndpoint handleCancellation
WARNING: Unmatched cancel notification for request id 691
2026.05.25 05:46:36 INFO  no build target found for D:\CURSOS\7MO\Desarrollo_we\proceso_uni\backend\src\main\java\pe\edu\proceso_admision\service\ReporteFinalService.java. Using fallback presentation compiler.
2026.05.25 05:46:37 INFO  no build target found for D:\CURSOS\7MO\Desarrollo_we\proceso_uni\backend\src\main\java\pe\edu\proceso_admision\service\ReporteFinalService.java. Using fallback presentation compiler.
2026.05.25 05:46:37 INFO  no build target found for D:\CURSOS\7MO\Desarrollo_we\proceso_uni\backend\src\main\java\pe\edu\proceso_admision\service\ReporteFinalService.java. Using fallback presentation compiler.
2026.05.25 05:46:37 INFO  no build target found for D:\CURSOS\7MO\Desarrollo_we\proceso_uni\backend\src\main\java\pe\edu\proceso_admision\service\ReporteFinalService.java. Using fallback presentation compiler.
may. 25, 2026 5:46:38 A. M. org.eclipse.lsp4j.jsonrpc.RemoteEndpoint handleCancellation
WARNING: Unmatched cancel notification for request id 694
2026.05.25 05:46:37 INFO  no build target found for D:\CURSOS\7MO\Desarrollo_we\proceso_uni\backend\src\main\java\pe\edu\proceso_admision\service\ReporteFinalService.java. Using fallback presentation compiler.
2026.05.25 05:51:11 INFO  Shutting down server
2026.05.25 05:51:11 INFO  Memory monitor stopped
2026.05.25 05:51:11 INFO  shutting down Metals
2026.05.25 05:51:11 INFO  Exiting server
2026.05.25 05:51:12 ERROR Unexpected error initializing server: 
org.eclipse.lsp4j.jsonrpc.ResponseErrorException: Request window/showMessageRequest failed with message: Canceled
	at org.eclipse.lsp4j.jsonrpc.RemoteEndpoint.handleResponse(RemoteEndpoint.java:214)
	at org.eclipse.lsp4j.jsonrpc.RemoteEndpoint.consume(RemoteEndpoint.java:198)
	at org.eclipse.lsp4j.jsonrpc.json.StreamMessageProducer.handleMessage(StreamMessageProducer.java:189)
	at org.eclipse.lsp4j.jsonrpc.json.StreamMessageProducer.listen(StreamMessageProducer.java:97)
	at org.eclipse.lsp4j.jsonrpc.json.ConcurrentMessageProcessor.run(ConcurrentMessageProcessor.java:97)
	at java.util.concurrent.Executors$RunnableAdapter.call(Executors.java:545)
	at java.util.concurrent.FutureTask.run(FutureTask.java:328)
	at java.util.concurrent.ThreadPoolExecutor.runWorker(ThreadPoolExecutor.java:1090)
	at java.util.concurrent.ThreadPoolExecutor$Worker.run(ThreadPoolExecutor.java:614)
	at java.lang.Thread.run(Thread.java:1474)

2026.05.25 11:00:00 INFO  Started: Metals version 1.6.7 in folders 'D:\CURSOS\7MO\Desarrollo_we\proceso_uni' for client Visual Studio Code 1.121.0.
2026.05.25 11:00:00 INFO  Memory monitor started
2026.05.25 11:00:01 WARN  Using H2 2.4.240 which is newer than the version Flyway has been verified with. The latest verified version of H2 is 2.3.232.
2026.05.25 11:00:01 INFO  no build target found for D:\CURSOS\7MO\Desarrollo_we\proceso_uni\backend\src\main\java\pe\edu\proceso_admision\mapper\ConfiguracionPuntajeMapper.java. Using fallback presentation compiler.
2026.05.25 11:00:02 INFO  no build target found for D:\CURSOS\7MO\Desarrollo_we\proceso_uni\backend\src\main\java\pe\edu\proceso_admision\mapper\ConfiguracionPuntajeMapper.java. Using fallback presentation compiler.
2026.05.25 11:13:53 INFO  no build target found for D:\CURSOS\7MO\Desarrollo_we\proceso_uni\backend\src\main\java\pe\edu\proceso_admision\mapper\ConfiguracionPuntajeMapper.java. Using fallback presentation compiler.
2026.05.25 11:33:15 INFO  Shutting down server
2026.05.25 11:33:15 INFO  Memory monitor stopped
2026.05.25 11:33:15 INFO  shutting down Metals
2026.05.25 11:33:15 INFO  Exiting server
2026.05.25 11:33:15 ERROR Unexpected error initializing server: 
org.eclipse.lsp4j.jsonrpc.ResponseErrorException: Request window/showMessageRequest failed with message: Canceled
	at org.eclipse.lsp4j.jsonrpc.RemoteEndpoint.handleResponse(RemoteEndpoint.java:214)
	at org.eclipse.lsp4j.jsonrpc.RemoteEndpoint.consume(RemoteEndpoint.java:198)
	at org.eclipse.lsp4j.jsonrpc.json.StreamMessageProducer.handleMessage(StreamMessageProducer.java:189)
	at org.eclipse.lsp4j.jsonrpc.json.StreamMessageProducer.listen(StreamMessageProducer.java:97)
	at org.eclipse.lsp4j.jsonrpc.json.ConcurrentMessageProcessor.run(ConcurrentMessageProcessor.java:97)
	at java.util.concurrent.Executors$RunnableAdapter.call(Executors.java:545)
	at java.util.concurrent.FutureTask.run(FutureTask.java:328)
	at java.util.concurrent.ThreadPoolExecutor.runWorker(ThreadPoolExecutor.java:1090)
	at java.util.concurrent.ThreadPoolExecutor$Worker.run(ThreadPoolExecutor.java:614)
	at java.lang.Thread.run(Thread.java:1474)
